{"C:\\Users\\Admin\\Documents\\GitHub\\T2_project\\frontend\\.eslintrc.cjs": {"path":"C:\\Users\\Admin\\Documents\\GitHub\\T2_project\\frontend\\.eslintrc.cjs","all":true,"statementMap":{"0":{"start":{"line":1,"column":0},"end":{"line":1,"column":18}},"1":{"start":{"line":2,"column":0},"end":{"line":2,"column":13}},"2":{"start":{"line":3,"column":0},"end":{"line":3,"column":8}},"3":{"start":{"line":4,"column":0},"end":{"line":4,"column":15}},"4":{"start":{"line":5,"column":0},"end":{"line":5,"column":37}},"5":{"start":{"line":6,"column":0},"end":{"line":6,"column":4}},"6":{"start":{"line":7,"column":0},"end":{"line":7,"column":12}},"7":{"start":{"line":8,"column":0},"end":{"line":8,"column":32}},"8":{"start":{"line":9,"column":0},"end":{"line":9,"column":25}},"9":{"start":{"line":10,"column":0},"end":{"line":10,"column":36}},"10":{"start":{"line":11,"column":0},"end":{"line":11,"column":4}},"11":{"start":{"line":12,"column":0},"end":{"line":12,"column":10}},"12":{"start":{"line":13,"column":0},"end":{"line":13,"column":44}},"13":{"start":{"line":14,"column":0},"end":{"line":14,"column":33}},"14":{"start":{"line":15,"column":0},"end":{"line":15,"column":3}},"15":{"start":{"line":16,"column":0},"end":{"line":16,"column":1}}},"s":{"0":0,"1":0,"2":0,"3":0,"4":0,"5":0,"6":0,"7":0,"8":0,"9":0,"10":0,"11":0,"12":0,"13":0,"14":0,"15":0},"branchMap":{"0":{"type":"branch","line":1,"loc":{"start":{"line":1,"column":0},"end":{"line":16,"column":1}},"locations":[{"start":{"line":1,"column":0},"end":{"line":16,"column":1}}]}},"b":{"0":[0]},"fnMap":{"0":{"name":"(empty-report)","decl":{"start":{"line":1,"column":0},"end":{"line":16,"column":1}},"loc":{"start":{"line":1,"column":0},"end":{"line":16,"column":1}},"line":1}},"f":{"0":0}}
,"C:\\Users\\Admin\\Documents\\GitHub\\T2_project\\frontend\\postcss.config.js": {"path":"C:\\Users\\Admin\\Documents\\GitHub\\T2_project\\frontend\\postcss.config.js","all":true,"statementMap":{"0":{"start":{"line":1,"column":0},"end":{"line":1,"column":16}},"1":{"start":{"line":2,"column":0},"end":{"line":2,"column":12}},"2":{"start":{"line":3,"column":0},"end":{"line":3,"column":20}},"3":{"start":{"line":4,"column":0},"end":{"line":4,"column":21}},"4":{"start":{"line":5,"column":0},"end":{"line":5,"column":4}},"5":{"start":{"line":6,"column":0},"end":{"line":6,"column":1}}},"s":{"0":0,"1":0,"2":0,"3":0,"4":0,"5":0},"branchMap":{"0":{"type":"branch","line":1,"loc":{"start":{"line":1,"column":0},"end":{"line":6,"column":-13}},"locations":[{"start":{"line":1,"column":0},"end":{"line":6,"column":-13}}]}},"b":{"0":[0]},"fnMap":{"0":{"name":"(empty-report)","decl":{"start":{"line":1,"column":0},"end":{"line":6,"column":-13}},"loc":{"start":{"line":1,"column":0},"end":{"line":6,"column":-13}},"line":1}},"f":{"0":0}}
,"C:\\Users\\Admin\\Documents\\GitHub\\T2_project\\frontend\\tailwind.config.js": {"path":"C:\\Users\\Admin\\Documents\\GitHub\\T2_project\\frontend\\tailwind.config.js","all":true,"statementMap":{"0":{"start":{"line":1,"column":0},"end":{"line":1,"column":43}},"1":{"start":{"line":2,"column":0},"end":{"line":2,"column":16}},"2":{"start":{"line":3,"column":0},"end":{"line":3,"column":12}},"3":{"start":{"line":4,"column":0},"end":{"line":4,"column":19}},"4":{"start":{"line":5,"column":0},"end":{"line":5,"column":37}},"5":{"start":{"line":6,"column":0},"end":{"line":6,"column":4}},"6":{"start":{"line":7,"column":0},"end":{"line":7,"column":10}},"7":{"start":{"line":8,"column":0},"end":{"line":8,"column":15}},"8":{"start":{"line":9,"column":0},"end":{"line":9,"column":4}},"9":{"start":{"line":10,"column":0},"end":{"line":10,"column":14}},"10":{"start":{"line":11,"column":0},"end":{"line":11,"column":1}}},"s":{"0":0,"1":0,"2":0,"3":0,"4":0,"5":0,"6":0,"7":0,"8":0,"9":0,"10":0},"branchMap":{"0":{"type":"branch","line":1,"loc":{"start":{"line":1,"column":0},"end":{"line":11,"column":-14}},"locations":[{"start":{"line":1,"column":0},"end":{"line":11,"column":-14}}]}},"b":{"0":[0]},"fnMap":{"0":{"name":"(empty-report)","decl":{"start":{"line":1,"column":0},"end":{"line":11,"column":-14}},"loc":{"start":{"line":1,"column":0},"end":{"line":11,"column":-14}},"line":1}},"f":{"0":0}}
,"C:\\Users\\Admin\\Documents\\GitHub\\T2_project\\frontend\\src\\App.vue": {"path":"C:\\Users\\Admin\\Documents\\GitHub\\T2_project\\frontend\\src\\App.vue","all":true,"statementMap":{"0":{"start":{"line":1,"column":0},"end":{"line":1,"column":10}},"1":{"start":{"line":2,"column":0},"end":{"line":2,"column":12}},"2":{"start":{"line":3,"column":0},"end":{"line":3,"column":11}},"3":{"start":{"line":4,"column":0},"end":{"line":4,"column":0}},"4":{"start":{"line":5,"column":0},"end":{"line":5,"column":24}},"5":{"start":{"line":6,"column":0},"end":{"line":6,"column":44}},"6":{"start":{"line":7,"column":0},"end":{"line":7,"column":9}}},"s":{"0":0,"1":0,"2":0,"3":0,"4":0,"5":0,"6":0},"branchMap":{"0":{"type":"branch","line":1,"loc":{"start":{"line":1,"column":0},"end":{"line":7,"column":-103}},"locations":[{"start":{"line":1,"column":0},"end":{"line":7,"column":-103}}]}},"b":{"0":[0]},"fnMap":{"0":{"name":"(empty-report)","decl":{"start":{"line":1,"column":0},"end":{"line":7,"column":-103}},"loc":{"start":{"line":1,"column":0},"end":{"line":7,"column":-103}},"line":1}},"f":{"0":0}}
,"C:\\Users\\Admin\\Documents\\GitHub\\T2_project\\frontend\\src\\components\\Header.vue": {"path":"C:\\Users\\Admin\\Documents\\GitHub\\T2_project\\frontend\\src\\components\\Header.vue","all":false,"statementMap":{"0":{"start":{"line":1,"column":0},"end":{"line":1,"column":10}},"1":{"start":{"line":2,"column":0},"end":{"line":2,"column":62}},"2":{"start":{"line":3,"column":0},"end":{"line":3,"column":38}},"3":{"start":{"line":4,"column":0},"end":{"line":4,"column":58}},"4":{"start":{"line":5,"column":0},"end":{"line":5,"column":44}},"5":{"start":{"line":6,"column":0},"end":{"line":6,"column":39}},"6":{"start":{"line":7,"column":0},"end":{"line":7,"column":37}},"7":{"start":{"line":8,"column":0},"end":{"line":8,"column":17}},"8":{"start":{"line":9,"column":0},"end":{"line":9,"column":44}},"9":{"start":{"line":10,"column":0},"end":{"line":10,"column":165}},"10":{"start":{"line":11,"column":0},"end":{"line":11,"column":11}},"11":{"start":{"line":12,"column":0},"end":{"line":12,"column":53}},"12":{"start":{"line":13,"column":0},"end":{"line":13,"column":16}},"13":{"start":{"line":14,"column":0},"end":{"line":14,"column":29}},"14":{"start":{"line":15,"column":0},"end":{"line":15,"column":25}},"15":{"start":{"line":16,"column":0},"end":{"line":16,"column":33}},"16":{"start":{"line":17,"column":0},"end":{"line":17,"column":35}},"17":{"start":{"line":18,"column":0},"end":{"line":18,"column":13}},"18":{"start":{"line":19,"column":0},"end":{"line":19,"column":19}},"19":{"start":{"line":20,"column":0},"end":{"line":20,"column":38}},"20":{"start":{"line":21,"column":0},"end":{"line":21,"column":39}},"21":{"start":{"line":22,"column":0},"end":{"line":22,"column":32}},"22":{"start":{"line":23,"column":0},"end":{"line":23,"column":43}},"23":{"start":{"line":24,"column":0},"end":{"line":24,"column":16}},"24":{"start":{"line":25,"column":0},"end":{"line":25,"column":18}},"25":{"start":{"line":26,"column":0},"end":{"line":26,"column":19}},"26":{"start":{"line":27,"column":0},"end":{"line":27,"column":0}},"27":{"start":{"line":28,"column":0},"end":{"line":28,"column":23}},"28":{"start":{"line":29,"column":0},"end":{"line":29,"column":54}},"29":{"start":{"line":30,"column":0},"end":{"line":30,"column":39}},"30":{"start":{"line":31,"column":0},"end":{"line":31,"column":18}},"31":{"start":{"line":32,"column":0},"end":{"line":32,"column":84}},"32":{"start":{"line":33,"column":0},"end":{"line":33,"column":15}},"33":{"start":{"line":34,"column":0},"end":{"line":34,"column":68}},"34":{"start":{"line":35,"column":0},"end":{"line":35,"column":20}},"35":{"start":{"line":36,"column":0},"end":{"line":36,"column":18}},"36":{"start":{"line":37,"column":0},"end":{"line":37,"column":30}},"37":{"start":{"line":38,"column":0},"end":{"line":38,"column":79}},"38":{"start":{"line":39,"column":0},"end":{"line":39,"column":63}},"39":{"start":{"line":40,"column":0},"end":{"line":40,"column":35}},"40":{"start":{"line":41,"column":0},"end":{"line":41,"column":18}},"41":{"start":{"line":42,"column":0},"end":{"line":42,"column":18}},"42":{"start":{"line":43,"column":0},"end":{"line":43,"column":16}},"43":{"start":{"line":44,"column":0},"end":{"line":44,"column":14}},"44":{"start":{"line":45,"column":0},"end":{"line":45,"column":0}},"45":{"start":{"line":46,"column":0},"end":{"line":46,"column":35}},"46":{"start":{"line":47,"column":0},"end":{"line":47,"column":49}},"47":{"start":{"line":48,"column":0},"end":{"line":48,"column":22}},"48":{"start":{"line":49,"column":0},"end":{"line":49,"column":38}},"49":{"start":{"line":50,"column":0},"end":{"line":50,"column":28}},"50":{"start":{"line":51,"column":0},"end":{"line":51,"column":25}},"51":{"start":{"line":52,"column":0},"end":{"line":52,"column":125}},"52":{"start":{"line":53,"column":0},"end":{"line":53,"column":70}},"53":{"start":{"line":54,"column":0},"end":{"line":54,"column":11}},"54":{"start":{"line":55,"column":0},"end":{"line":55,"column":27}},"55":{"start":{"line":56,"column":0},"end":{"line":56,"column":24}},"56":{"start":{"line":57,"column":0},"end":{"line":57,"column":14}},"57":{"start":{"line":58,"column":0},"end":{"line":58,"column":12}},"58":{"start":{"line":59,"column":0},"end":{"line":59,"column":10}},"59":{"start":{"line":60,"column":0},"end":{"line":60,"column":11}},"60":{"start":{"line":61,"column":0},"end":{"line":61,"column":11}},"61":{"start":{"line":62,"column":0},"end":{"line":62,"column":0}},"62":{"start":{"line":63,"column":0},"end":{"line":63,"column":24}},"63":{"start":{"line":64,"column":0},"end":{"line":64,"column":37}},"64":{"start":{"line":65,"column":0},"end":{"line":65,"column":0}},"65":{"start":{"line":66,"column":0},"end":{"line":66,"column":44}},"66":{"start":{"line":67,"column":0},"end":{"line":67,"column":0}},"67":{"start":{"line":68,"column":0},"end":{"line":68,"column":20}},"68":{"start":{"line":69,"column":0},"end":{"line":69,"column":28}},"69":{"start":{"line":70,"column":0},"end":{"line":70,"column":42}},"70":{"start":{"line":71,"column":0},"end":{"line":71,"column":40}},"71":{"start":{"line":72,"column":0},"end":{"line":72,"column":41}},"72":{"start":{"line":73,"column":0},"end":{"line":73,"column":1}},"73":{"start":{"line":74,"column":0},"end":{"line":74,"column":0}},"74":{"start":{"line":75,"column":0},"end":{"line":75,"column":24}},"75":{"start":{"line":76,"column":0},"end":{"line":76,"column":0}},"76":{"start":{"line":77,"column":0},"end":{"line":77,"column":36}},"77":{"start":{"line":78,"column":0},"end":{"line":78,"column":21}},"78":{"start":{"line":79,"column":0},"end":{"line":79,"column":29}},"79":{"start":{"line":80,"column":0},"end":{"line":80,"column":3}},"80":{"start":{"line":81,"column":0},"end":{"line":81,"column":36}},"81":{"start":{"line":82,"column":0},"end":{"line":82,"column":1}},"82":{"start":{"line":83,"column":0},"end":{"line":83,"column":9}}},"s":{"0":1,"1":1,"2":1,"3":1,"4":1,"5":1,"6":1,"7":1,"8":1,"9":1,"10":1,"11":1,"12":1,"13":1,"14":1,"15":1,"16":1,"17":1,"18":1,"19":1,"20":1,"21":1,"22":1,"23":1,"24":1,"25":1,"26":1,"27":1,"28":1,"29":1,"30":1,"31":1,"32":1,"33":1,"34":1,"35":1,"36":1,"37":1,"38":1,"39":1,"40":1,"41":1,"42":1,"43":1,"44":1,"45":1,"46":1,"47":1,"48":1,"49":1,"50":1,"51":1,"52":1,"53":1,"54":1,"55":1,"56":1,"57":1,"58":1,"59":1,"60":1,"61":1,"62":1,"63":1,"64":1,"65":1,"66":1,"67":1,"68":1,"69":1,"70":1,"71":1,"72":1,"73":1,"74":1,"75":1,"76":1,"77":40,"78":10,"79":10,"80":30,"81":40,"82":1},"branchMap":{"0":{"type":"branch","line":77,"loc":{"start":{"line":77,"column":17},"end":{"line":82,"column":1}},"locations":[{"start":{"line":77,"column":17},"end":{"line":82,"column":1}}]},"1":{"type":"branch","line":78,"loc":{"start":{"line":78,"column":20},"end":{"line":80,"column":3}},"locations":[{"start":{"line":78,"column":20},"end":{"line":80,"column":3}}]},"2":{"type":"branch","line":80,"loc":{"start":{"line":80,"column":2},"end":{"line":81,"column":36}},"locations":[{"start":{"line":80,"column":2},"end":{"line":81,"column":36}}]},"3":{"type":"branch","line":28,"loc":{"start":{"line":28,"column":10},"end":{"line":28,"column":23}},"locations":[{"start":{"line":28,"column":10},"end":{"line":28,"column":23}}]},"4":{"type":"branch","line":55,"loc":{"start":{"line":55,"column":12},"end":{"line":55,"column":27}},"locations":[{"start":{"line":55,"column":12},"end":{"line":55,"column":27}}]}},"b":{"0":[40],"1":[10],"2":[30],"3":[5],"4":[40]},"fnMap":{"0":{"name":"isActive","decl":{"start":{"line":77,"column":17},"end":{"line":82,"column":1}},"loc":{"start":{"line":77,"column":17},"end":{"line":82,"column":1}},"line":77}},"f":{"0":40}}
,"C:\\Users\\Admin\\Documents\\GitHub\\T2_project\\frontend\\src\\components\\Layout.vue": {"path":"C:\\Users\\Admin\\Documents\\GitHub\\T2_project\\frontend\\src\\components\\Layout.vue","all":false,"statementMap":{"0":{"start":{"line":1,"column":0},"end":{"line":1,"column":10}},"1":{"start":{"line":2,"column":0},"end":{"line":2,"column":39}},"2":{"start":{"line":3,"column":0},"end":{"line":3,"column":19}},"3":{"start":{"line":4,"column":0},"end":{"line":4,"column":63}},"4":{"start":{"line":5,"column":0},"end":{"line":5,"column":0}},"5":{"start":{"line":6,"column":0},"end":{"line":6,"column":22}},"6":{"start":{"line":7,"column":0},"end":{"line":7,"column":35}},"7":{"start":{"line":8,"column":0},"end":{"line":8,"column":14}},"8":{"start":{"line":9,"column":0},"end":{"line":9,"column":32}},"9":{"start":{"line":10,"column":0},"end":{"line":10,"column":38}},"10":{"start":{"line":11,"column":0},"end":{"line":11,"column":31}},"11":{"start":{"line":12,"column":0},"end":{"line":12,"column":8}},"12":{"start":{"line":13,"column":0},"end":{"line":13,"column":0}},"13":{"start":{"line":14,"column":0},"end":{"line":14,"column":39}},"14":{"start":{"line":15,"column":0},"end":{"line":15,"column":10}},"15":{"start":{"line":16,"column":0},"end":{"line":16,"column":28}},"16":{"start":{"line":17,"column":0},"end":{"line":17,"column":44}},"17":{"start":{"line":18,"column":0},"end":{"line":18,"column":38}},"18":{"start":{"line":19,"column":0},"end":{"line":19,"column":7}},"19":{"start":{"line":20,"column":0},"end":{"line":20,"column":67}},"20":{"start":{"line":21,"column":0},"end":{"line":21,"column":12}},"21":{"start":{"line":22,"column":0},"end":{"line":22,"column":0}},"22":{"start":{"line":23,"column":0},"end":{"line":23,"column":17}},"23":{"start":{"line":24,"column":0},"end":{"line":24,"column":74}},"24":{"start":{"line":25,"column":0},"end":{"line":25,"column":44}},"25":{"start":{"line":26,"column":0},"end":{"line":26,"column":38}},"26":{"start":{"line":27,"column":0},"end":{"line":27,"column":74}},"27":{"start":{"line":28,"column":0},"end":{"line":28,"column":40}},"28":{"start":{"line":29,"column":0},"end":{"line":29,"column":42}},"29":{"start":{"line":30,"column":0},"end":{"line":30,"column":7}},"30":{"start":{"line":31,"column":0},"end":{"line":31,"column":16}},"31":{"start":{"line":32,"column":0},"end":{"line":32,"column":30}},"32":{"start":{"line":33,"column":0},"end":{"line":33,"column":34}},"33":{"start":{"line":34,"column":0},"end":{"line":34,"column":40}},"34":{"start":{"line":35,"column":0},"end":{"line":35,"column":60}},"35":{"start":{"line":36,"column":0},"end":{"line":36,"column":10}},"36":{"start":{"line":37,"column":0},"end":{"line":37,"column":19}},"37":{"start":{"line":38,"column":0},"end":{"line":38,"column":0}},"38":{"start":{"line":39,"column":0},"end":{"line":39,"column":27}},"39":{"start":{"line":40,"column":0},"end":{"line":40,"column":45}},"40":{"start":{"line":41,"column":0},"end":{"line":41,"column":39}},"41":{"start":{"line":42,"column":0},"end":{"line":42,"column":25}},"42":{"start":{"line":43,"column":0},"end":{"line":43,"column":14}},"43":{"start":{"line":44,"column":0},"end":{"line":44,"column":13}},"44":{"start":{"line":45,"column":0},"end":{"line":45,"column":10}},"45":{"start":{"line":46,"column":0},"end":{"line":46,"column":8}},"46":{"start":{"line":47,"column":0},"end":{"line":47,"column":11}},"47":{"start":{"line":48,"column":0},"end":{"line":48,"column":0}},"48":{"start":{"line":49,"column":0},"end":{"line":49,"column":24}},"49":{"start":{"line":50,"column":0},"end":{"line":50,"column":49}},"50":{"start":{"line":51,"column":0},"end":{"line":51,"column":33}},"51":{"start":{"line":52,"column":0},"end":{"line":52,"column":35}},"52":{"start":{"line":53,"column":0},"end":{"line":53,"column":0}},"53":{"start":{"line":54,"column":0},"end":{"line":54,"column":32}},"54":{"start":{"line":55,"column":0},"end":{"line":55,"column":0}},"55":{"start":{"line":56,"column":0},"end":{"line":56,"column":39}},"56":{"start":{"line":57,"column":0},"end":{"line":57,"column":44}},"57":{"start":{"line":58,"column":0},"end":{"line":58,"column":50}},"58":{"start":{"line":59,"column":0},"end":{"line":59,"column":31}},"59":{"start":{"line":60,"column":0},"end":{"line":60,"column":3}},"60":{"start":{"line":61,"column":0},"end":{"line":61,"column":1}},"61":{"start":{"line":62,"column":0},"end":{"line":62,"column":0}},"62":{"start":{"line":63,"column":0},"end":{"line":63,"column":17}},"63":{"start":{"line":64,"column":0},"end":{"line":64,"column":50}},"64":{"start":{"line":65,"column":0},"end":{"line":65,"column":2}},"65":{"start":{"line":66,"column":0},"end":{"line":66,"column":0}},"66":{"start":{"line":67,"column":0},"end":{"line":67,"column":19}},"67":{"start":{"line":68,"column":0},"end":{"line":68,"column":53}},"68":{"start":{"line":69,"column":0},"end":{"line":69,"column":2}},"69":{"start":{"line":70,"column":0},"end":{"line":70,"column":9}}},"s":{"0":1,"1":1,"2":1,"3":1,"4":1,"5":1,"6":1,"7":1,"8":1,"9":1,"10":1,"11":1,"12":1,"13":1,"14":1,"15":1,"16":2,"17":2,"18":2,"19":2,"20":1,"21":1,"22":1,"23":1,"24":1,"25":1,"26":1,"27":1,"28":1,"29":1,"30":1,"31":1,"32":1,"33":1,"34":1,"35":1,"36":1,"37":1,"38":1,"39":1,"40":1,"41":1,"42":1,"43":1,"44":1,"45":1,"46":1,"47":1,"48":1,"49":1,"50":1,"51":1,"52":1,"53":1,"54":1,"55":1,"56":1,"57":0,"58":0,"59":0,"60":0,"61":1,"62":1,"63":3,"64":1,"65":1,"66":1,"67":0,"68":1,"69":1},"branchMap":{"0":{"type":"branch","line":63,"loc":{"start":{"line":63,"column":10},"end":{"line":65,"column":1}},"locations":[{"start":{"line":63,"column":10},"end":{"line":65,"column":1}}]},"1":{"type":"branch","line":4,"loc":{"start":{"line":4,"column":27},"end":{"line":4,"column":63}},"locations":[{"start":{"line":4,"column":27},"end":{"line":4,"column":63}}]},"2":{"type":"branch","line":10,"loc":{"start":{"line":10,"column":14},"end":{"line":10,"column":38}},"locations":[{"start":{"line":10,"column":14},"end":{"line":10,"column":38}}]},"3":{"type":"branch","line":16,"loc":{"start":{"line":16,"column":14},"end":{"line":20,"column":67}},"locations":[{"start":{"line":16,"column":14},"end":{"line":20,"column":67}}]},"4":{"type":"branch","line":20,"loc":{"start":{"line":20,"column":60},"end":{"line":20,"column":67}},"locations":[{"start":{"line":20,"column":60},"end":{"line":20,"column":67}}]},"5":{"type":"branch","line":4,"loc":{"start":{"line":4,"column":27},"end":{"line":4,"column":63}},"locations":[{"start":{"line":4,"column":27},"end":{"line":4,"column":63}}]},"6":{"type":"branch","line":18,"loc":{"start":{"line":18,"column":14},"end":{"line":18,"column":38}},"locations":[{"start":{"line":18,"column":14},"end":{"line":18,"column":38}}]},"7":{"type":"branch","line":35,"loc":{"start":{"line":35,"column":16},"end":{"line":35,"column":60}},"locations":[{"start":{"line":35,"column":16},"end":{"line":35,"column":60}}]}},"b":{"0":[3],"1":[3],"2":[3],"3":[2],"4":[4],"5":[2],"6":[1],"7":[4]},"fnMap":{"0":{"name":"handleEscape","decl":{"start":{"line":57,"column":21},"end":{"line":61,"column":1}},"loc":{"start":{"line":57,"column":21},"end":{"line":61,"column":1}},"line":57},"1":{"name":"__vite_ssr_import_4__.createElementBlock.__vite_ssr_import_4__.createVNode.onToggleSidebar._cache.<computed>._cache.<computed>","decl":{"start":{"line":4,"column":27},"end":{"line":4,"column":63}},"loc":{"start":{"line":4,"column":27},"end":{"line":4,"column":63}},"line":4},"2":{"name":"__vite_ssr_import_4__.createElementBlock.__vite_ssr_import_4__.createElementVNode.__vite_ssr_import_4__.createVNode.onClose._cache.<computed>._cache.<computed>","decl":{"start":{"line":10,"column":14},"end":{"line":10,"column":38}},"loc":{"start":{"line":10,"column":14},"end":{"line":10,"column":38}},"line":10},"3":{"name":"__vite_ssr_import_4__.createElementBlock.__vite_ssr_import_4__.createElementVNode.$setup.isSidebarOpen.__vite_ssr_import_4__.createElementBlock.onClick._cache.<computed>._cache.<computed>","decl":{"start":{"line":18,"column":14},"end":{"line":18,"column":38}},"loc":{"start":{"line":18,"column":14},"end":{"line":18,"column":38}},"line":18},"4":{"name":"$setup.isSidebarOpen.__vite_ssr_import_4__.createBlock.onClose._cache.<computed>._cache.<computed>","decl":{"start":{"line":34,"column":16},"end":{"line":34,"column":40}},"loc":{"start":{"line":34,"column":16},"end":{"line":34,"column":40}},"line":34}},"f":{"0":0,"1":2,"2":0,"3":1,"4":0}}
,"C:\\Users\\Admin\\Documents\\GitHub\\T2_project\\frontend\\src\\components\\RouteMap.vue": {"path":"C:\\Users\\Admin\\Documents\\GitHub\\T2_project\\frontend\\src\\components\\RouteMap.vue","all":false,"statementMap":{"0":{"start":{"line":1,"column":0},"end":{"line":1,"column":10}},"1":{"start":{"line":2,"column":0},"end":{"line":2,"column":42}},"2":{"start":{"line":3,"column":0},"end":{"line":3,"column":57}},"3":{"start":{"line":4,"column":0},"end":{"line":4,"column":69}},"4":{"start":{"line":5,"column":0},"end":{"line":5,"column":55}},"5":{"start":{"line":6,"column":0},"end":{"line":6,"column":10}},"6":{"start":{"line":7,"column":0},"end":{"line":7,"column":8}},"7":{"start":{"line":8,"column":0},"end":{"line":8,"column":11}}},"s":{"0":1,"1":1,"2":1,"3":1,"4":1,"5":1,"6":1,"7":1},"branchMap":{},"b":{},"fnMap":{},"f":{}}
,"C:\\Users\\Admin\\Documents\\GitHub\\T2_project\\frontend\\src\\components\\Sidebar.vue": {"path":"C:\\Users\\Admin\\Documents\\GitHub\\T2_project\\frontend\\src\\components\\Sidebar.vue","all":false,"statementMap":{"0":{"start":{"line":1,"column":0},"end":{"line":1,"column":10}},"1":{"start":{"line":2,"column":0},"end":{"line":2,"column":70}},"2":{"start":{"line":3,"column":0},"end":{"line":3,"column":27}},"3":{"start":{"line":4,"column":0},"end":{"line":4,"column":8}},"4":{"start":{"line":5,"column":0},"end":{"line":5,"column":82}},"5":{"start":{"line":6,"column":0},"end":{"line":6,"column":5}},"6":{"start":{"line":7,"column":0},"end":{"line":7,"column":37}},"7":{"start":{"line":8,"column":0},"end":{"line":8,"column":12}},"8":{"start":{"line":9,"column":0},"end":{"line":9,"column":81}},"9":{"start":{"line":10,"column":0},"end":{"line":10,"column":9}},"10":{"start":{"line":11,"column":0},"end":{"line":11,"column":62}},"11":{"start":{"line":12,"column":0},"end":{"line":12,"column":14}},"12":{"start":{"line":13,"column":0},"end":{"line":13,"column":74}},"13":{"start":{"line":14,"column":0},"end":{"line":14,"column":12}},"14":{"start":{"line":15,"column":0},"end":{"line":15,"column":13}},"15":{"start":{"line":16,"column":0},"end":{"line":16,"column":31}},"16":{"start":{"line":17,"column":0},"end":{"line":17,"column":92}},"17":{"start":{"line":18,"column":0},"end":{"line":18,"column":7}},"18":{"start":{"line":19,"column":0},"end":{"line":19,"column":50}},"19":{"start":{"line":20,"column":0},"end":{"line":20,"column":27}},"20":{"start":{"line":21,"column":0},"end":{"line":21,"column":12}},"21":{"start":{"line":22,"column":0},"end":{"line":22,"column":25}},"22":{"start":{"line":23,"column":0},"end":{"line":23,"column":21}},"23":{"start":{"line":24,"column":0},"end":{"line":24,"column":29}},"24":{"start":{"line":25,"column":0},"end":{"line":25,"column":31}},"25":{"start":{"line":26,"column":0},"end":{"line":26,"column":9}},"26":{"start":{"line":27,"column":0},"end":{"line":27,"column":15}},"27":{"start":{"line":28,"column":0},"end":{"line":28,"column":34}},"28":{"start":{"line":29,"column":0},"end":{"line":29,"column":35}},"29":{"start":{"line":30,"column":0},"end":{"line":30,"column":28}},"30":{"start":{"line":31,"column":0},"end":{"line":31,"column":36}},"31":{"start":{"line":32,"column":0},"end":{"line":32,"column":12}},"32":{"start":{"line":33,"column":0},"end":{"line":33,"column":14}},"33":{"start":{"line":34,"column":0},"end":{"line":34,"column":15}},"34":{"start":{"line":35,"column":0},"end":{"line":35,"column":10}},"35":{"start":{"line":36,"column":0},"end":{"line":36,"column":0}},"36":{"start":{"line":37,"column":0},"end":{"line":37,"column":23}},"37":{"start":{"line":38,"column":0},"end":{"line":38,"column":44}},"38":{"start":{"line":39,"column":0},"end":{"line":39,"column":18}},"39":{"start":{"line":40,"column":0},"end":{"line":40,"column":34}},"40":{"start":{"line":41,"column":0},"end":{"line":41,"column":24}},"41":{"start":{"line":42,"column":0},"end":{"line":42,"column":21}},"42":{"start":{"line":43,"column":0},"end":{"line":43,"column":31}},"43":{"start":{"line":44,"column":0},"end":{"line":44,"column":142}},"44":{"start":{"line":45,"column":0},"end":{"line":45,"column":66}},"45":{"start":{"line":46,"column":0},"end":{"line":46,"column":7}},"46":{"start":{"line":47,"column":0},"end":{"line":47,"column":42}},"47":{"start":{"line":48,"column":0},"end":{"line":48,"column":12}},"48":{"start":{"line":49,"column":0},"end":{"line":49,"column":44}},"49":{"start":{"line":50,"column":0},"end":{"line":50,"column":18}},"50":{"start":{"line":51,"column":0},"end":{"line":51,"column":29}},"51":{"start":{"line":52,"column":0},"end":{"line":52,"column":31}},"52":{"start":{"line":53,"column":0},"end":{"line":53,"column":57}},"53":{"start":{"line":54,"column":0},"end":{"line":54,"column":11}},"54":{"start":{"line":55,"column":0},"end":{"line":55,"column":9}},"55":{"start":{"line":56,"column":0},"end":{"line":56,"column":14}},"56":{"start":{"line":57,"column":0},"end":{"line":57,"column":39}},"57":{"start":{"line":58,"column":0},"end":{"line":58,"column":23}},"58":{"start":{"line":59,"column":0},"end":{"line":59,"column":31}},"59":{"start":{"line":60,"column":0},"end":{"line":60,"column":33}},"60":{"start":{"line":61,"column":0},"end":{"line":61,"column":11}},"61":{"start":{"line":62,"column":0},"end":{"line":62,"column":17}},"62":{"start":{"line":63,"column":0},"end":{"line":63,"column":36}},"63":{"start":{"line":64,"column":0},"end":{"line":64,"column":37}},"64":{"start":{"line":65,"column":0},"end":{"line":65,"column":30}},"65":{"start":{"line":66,"column":0},"end":{"line":66,"column":162}},"66":{"start":{"line":67,"column":0},"end":{"line":67,"column":14}},"67":{"start":{"line":68,"column":0},"end":{"line":68,"column":16}},"68":{"start":{"line":69,"column":0},"end":{"line":69,"column":14}},"69":{"start":{"line":70,"column":0},"end":{"line":70,"column":49}},"70":{"start":{"line":71,"column":0},"end":{"line":71,"column":23}},"71":{"start":{"line":72,"column":0},"end":{"line":72,"column":31}},"72":{"start":{"line":73,"column":0},"end":{"line":73,"column":33}},"73":{"start":{"line":74,"column":0},"end":{"line":74,"column":11}},"74":{"start":{"line":75,"column":0},"end":{"line":75,"column":17}},"75":{"start":{"line":76,"column":0},"end":{"line":76,"column":36}},"76":{"start":{"line":77,"column":0},"end":{"line":77,"column":37}},"77":{"start":{"line":78,"column":0},"end":{"line":78,"column":30}},"78":{"start":{"line":79,"column":0},"end":{"line":79,"column":214}},"79":{"start":{"line":80,"column":0},"end":{"line":80,"column":14}},"80":{"start":{"line":81,"column":0},"end":{"line":81,"column":16}},"81":{"start":{"line":82,"column":0},"end":{"line":82,"column":14}},"82":{"start":{"line":83,"column":0},"end":{"line":83,"column":48}},"83":{"start":{"line":84,"column":0},"end":{"line":84,"column":23}},"84":{"start":{"line":85,"column":0},"end":{"line":85,"column":31}},"85":{"start":{"line":86,"column":0},"end":{"line":86,"column":33}},"86":{"start":{"line":87,"column":0},"end":{"line":87,"column":11}},"87":{"start":{"line":88,"column":0},"end":{"line":88,"column":17}},"88":{"start":{"line":89,"column":0},"end":{"line":89,"column":36}},"89":{"start":{"line":90,"column":0},"end":{"line":90,"column":37}},"90":{"start":{"line":91,"column":0},"end":{"line":91,"column":30}},"91":{"start":{"line":92,"column":0},"end":{"line":92,"column":44}},"92":{"start":{"line":93,"column":0},"end":{"line":93,"column":14}},"93":{"start":{"line":94,"column":0},"end":{"line":94,"column":16}},"94":{"start":{"line":95,"column":0},"end":{"line":95,"column":76}},"95":{"start":{"line":96,"column":0},"end":{"line":96,"column":17}},"96":{"start":{"line":97,"column":0},"end":{"line":97,"column":36}},"97":{"start":{"line":98,"column":0},"end":{"line":98,"column":37}},"98":{"start":{"line":99,"column":0},"end":{"line":99,"column":30}},"99":{"start":{"line":100,"column":0},"end":{"line":100,"column":214}},"100":{"start":{"line":101,"column":0},"end":{"line":101,"column":14}},"101":{"start":{"line":102,"column":0},"end":{"line":102,"column":16}},"102":{"start":{"line":103,"column":0},"end":{"line":103,"column":14}},"103":{"start":{"line":104,"column":0},"end":{"line":104,"column":56}},"104":{"start":{"line":105,"column":0},"end":{"line":105,"column":20}},"105":{"start":{"line":106,"column":0},"end":{"line":106,"column":10}},"106":{"start":{"line":107,"column":0},"end":{"line":107,"column":0}},"107":{"start":{"line":108,"column":0},"end":{"line":108,"column":19}},"108":{"start":{"line":109,"column":0},"end":{"line":109,"column":46}},"109":{"start":{"line":110,"column":0},"end":{"line":110,"column":43}},"110":{"start":{"line":111,"column":0},"end":{"line":111,"column":10}},"111":{"start":{"line":112,"column":0},"end":{"line":112,"column":8}},"112":{"start":{"line":113,"column":0},"end":{"line":113,"column":11}},"113":{"start":{"line":114,"column":0},"end":{"line":114,"column":0}},"114":{"start":{"line":115,"column":0},"end":{"line":115,"column":24}},"115":{"start":{"line":116,"column":0},"end":{"line":116,"column":37}},"116":{"start":{"line":117,"column":0},"end":{"line":117,"column":0}},"117":{"start":{"line":118,"column":0},"end":{"line":118,"column":22}},"118":{"start":{"line":119,"column":0},"end":{"line":119,"column":0}},"119":{"start":{"line":120,"column":0},"end":{"line":120,"column":26}},"120":{"start":{"line":121,"column":0},"end":{"line":121,"column":14}},"121":{"start":{"line":122,"column":0},"end":{"line":122,"column":12}},"122":{"start":{"line":123,"column":0},"end":{"line":123,"column":1}},"123":{"start":{"line":124,"column":0},"end":{"line":124,"column":0}},"124":{"start":{"line":125,"column":0},"end":{"line":125,"column":38}},"125":{"start":{"line":126,"column":0},"end":{"line":126,"column":28}},"126":{"start":{"line":127,"column":0},"end":{"line":127,"column":42}},"127":{"start":{"line":128,"column":0},"end":{"line":128,"column":40}},"128":{"start":{"line":129,"column":0},"end":{"line":129,"column":41}},"129":{"start":{"line":130,"column":0},"end":{"line":130,"column":1}},"130":{"start":{"line":131,"column":0},"end":{"line":131,"column":0}},"131":{"start":{"line":132,"column":0},"end":{"line":132,"column":24}},"132":{"start":{"line":133,"column":0},"end":{"line":133,"column":0}},"133":{"start":{"line":134,"column":0},"end":{"line":134,"column":45}},"134":{"start":{"line":135,"column":0},"end":{"line":135,"column":21}},"135":{"start":{"line":136,"column":0},"end":{"line":136,"column":29}},"136":{"start":{"line":137,"column":0},"end":{"line":137,"column":3}},"137":{"start":{"line":138,"column":0},"end":{"line":138,"column":36}},"138":{"start":{"line":139,"column":0},"end":{"line":139,"column":1}},"139":{"start":{"line":140,"column":0},"end":{"line":140,"column":9}}},"s":{"0":1,"1":1,"2":1,"3":1,"4":1,"5":1,"6":1,"7":1,"8":1,"9":1,"10":1,"11":1,"12":1,"13":1,"14":1,"15":1,"16":1,"17":1,"18":1,"19":1,"20":1,"21":1,"22":1,"23":1,"24":1,"25":1,"26":1,"27":1,"28":1,"29":1,"30":1,"31":1,"32":1,"33":1,"34":1,"35":1,"36":1,"37":1,"38":1,"39":1,"40":1,"41":1,"42":1,"43":1,"44":1,"45":1,"46":1,"47":72,"48":72,"49":72,"50":72,"51":72,"52":72,"53":72,"54":72,"55":72,"56":72,"57":18,"58":18,"59":18,"60":18,"61":18,"62":18,"63":18,"64":18,"65":18,"66":18,"67":18,"68":8,"69":72,"70":18,"71":18,"72":18,"73":18,"74":18,"75":18,"76":18,"77":18,"78":18,"79":18,"80":18,"81":8,"82":72,"83":18,"84":18,"85":18,"86":18,"87":18,"88":18,"89":18,"90":18,"91":18,"92":18,"93":18,"94":72,"95":72,"96":72,"97":72,"98":72,"99":72,"100":72,"101":72,"102":72,"103":72,"104":1,"105":1,"106":1,"107":1,"108":1,"109":1,"110":1,"111":1,"112":1,"113":1,"114":1,"115":1,"116":1,"117":1,"118":1,"119":1,"120":1,"121":1,"122":1,"123":1,"124":1,"125":1,"126":1,"127":1,"128":1,"129":1,"130":1,"131":1,"132":1,"133":1,"134":144,"135":36,"136":36,"137":108,"138":144,"139":1},"branchMap":{"0":{"type":"branch","line":134,"loc":{"start":{"line":134,"column":17},"end":{"line":139,"column":1}},"locations":[{"start":{"line":134,"column":17},"end":{"line":139,"column":1}}]},"1":{"type":"branch","line":135,"loc":{"start":{"line":135,"column":20},"end":{"line":137,"column":3}},"locations":[{"start":{"line":135,"column":20},"end":{"line":137,"column":3}}]},"2":{"type":"branch","line":137,"loc":{"start":{"line":137,"column":2},"end":{"line":138,"column":36}},"locations":[{"start":{"line":137,"column":2},"end":{"line":138,"column":36}}]},"3":{"type":"branch","line":19,"loc":{"start":{"line":19,"column":8},"end":{"line":19,"column":50}},"locations":[{"start":{"line":19,"column":8},"end":{"line":19,"column":50}}]},"4":{"type":"branch","line":43,"loc":{"start":{"line":43,"column":14},"end":{"line":43,"column":31}},"locations":[{"start":{"line":43,"column":14},"end":{"line":43,"column":31}}]},"5":{"type":"branch","line":43,"loc":{"start":{"line":43,"column":14},"end":{"line":43,"column":31}},"locations":[{"start":{"line":43,"column":14},"end":{"line":43,"column":31}}]},"6":{"type":"branch","line":47,"loc":{"start":{"line":47,"column":8},"end":{"line":104,"column":56}},"locations":[{"start":{"line":47,"column":8},"end":{"line":104,"column":56}}]},"7":{"type":"branch","line":57,"loc":{"start":{"line":57,"column":27},"end":{"line":70,"column":28}},"locations":[{"start":{"line":57,"column":27},"end":{"line":70,"column":28}}]},"8":{"type":"branch","line":69,"loc":{"start":{"line":69,"column":-2},"end":{"line":70,"column":28}},"locations":[{"start":{"line":69,"column":-2},"end":{"line":70,"column":28}}]},"9":{"type":"branch","line":70,"loc":{"start":{"line":70,"column":32},"end":{"line":83,"column":28}},"locations":[{"start":{"line":70,"column":32},"end":{"line":83,"column":28}}]},"10":{"type":"branch","line":82,"loc":{"start":{"line":82,"column":-2},"end":{"line":83,"column":28}},"locations":[{"start":{"line":82,"column":-2},"end":{"line":83,"column":28}}]},"11":{"type":"branch","line":83,"loc":{"start":{"line":83,"column":32},"end":{"line":95,"column":22}},"locations":[{"start":{"line":83,"column":32},"end":{"line":95,"column":22}}]},"12":{"type":"branch","line":95,"loc":{"start":{"line":95,"column":-2},"end":{"line":95,"column":22}},"locations":[{"start":{"line":95,"column":-2},"end":{"line":95,"column":22}}]}},"b":{"0":[144],"1":[36],"2":[108],"3":[8],"4":[8],"5":[1],"6":[72],"7":[18],"8":[8],"9":[18],"10":[8],"11":[18],"12":[8]},"fnMap":{"0":{"name":"isActive","decl":{"start":{"line":134,"column":17},"end":{"line":139,"column":1}},"loc":{"start":{"line":134,"column":17},"end":{"line":139,"column":1}},"line":134},"1":{"name":"__vite_ssr_import_2__.createVNode.onClick._cache.<computed>._cache.<computed>","decl":{"start":{"line":43,"column":14},"end":{"line":43,"column":31}},"loc":{"start":{"line":43,"column":14},"end":{"line":43,"column":31}},"line":43}},"f":{"0":144,"1":1}}
,"C:\\Users\\Admin\\Documents\\GitHub\\T2_project\\frontend\\src\\components\\dashboard\\HealthStatus.vue": {"path":"C:\\Users\\Admin\\Documents\\GitHub\\T2_project\\frontend\\src\\components\\dashboard\\HealthStatus.vue","all":false,"statementMap":{"0":{"start":{"line":1,"column":0},"end":{"line":1,"column":10}},"1":{"start":{"line":2,"column":0},"end":{"line":2,"column":67}},"2":{"start":{"line":3,"column":0},"end":{"line":3,"column":35}},"3":{"start":{"line":4,"column":0},"end":{"line":4,"column":33}},"4":{"start":{"line":5,"column":0},"end":{"line":5,"column":98}},"5":{"start":{"line":6,"column":0},"end":{"line":6,"column":96}},"6":{"start":{"line":7,"column":0},"end":{"line":7,"column":18}},"7":{"start":{"line":8,"column":0},"end":{"line":8,"column":49}},"8":{"start":{"line":9,"column":0},"end":{"line":9,"column":37}},"9":{"start":{"line":10,"column":0},"end":{"line":10,"column":38}},"10":{"start":{"line":11,"column":0},"end":{"line":11,"column":31}},"11":{"start":{"line":12,"column":0},"end":{"line":12,"column":64}},"12":{"start":{"line":13,"column":0},"end":{"line":13,"column":14}},"13":{"start":{"line":14,"column":0},"end":{"line":14,"column":18}},"14":{"start":{"line":15,"column":0},"end":{"line":15,"column":21}},"15":{"start":{"line":16,"column":0},"end":{"line":16,"column":37}},"16":{"start":{"line":17,"column":0},"end":{"line":17,"column":38}},"17":{"start":{"line":18,"column":0},"end":{"line":18,"column":31}},"18":{"start":{"line":19,"column":0},"end":{"line":19,"column":156}},"19":{"start":{"line":20,"column":0},"end":{"line":20,"column":14}},"20":{"start":{"line":21,"column":0},"end":{"line":21,"column":16}},"21":{"start":{"line":22,"column":0},"end":{"line":22,"column":14}},"22":{"start":{"line":23,"column":0},"end":{"line":23,"column":12}},"23":{"start":{"line":24,"column":0},"end":{"line":24,"column":31}},"24":{"start":{"line":25,"column":0},"end":{"line":25,"column":55}},"25":{"start":{"line":26,"column":0},"end":{"line":26,"column":15}},"26":{"start":{"line":27,"column":0},"end":{"line":27,"column":58}},"27":{"start":{"line":28,"column":0},"end":{"line":28,"column":31}},"28":{"start":{"line":29,"column":0},"end":{"line":29,"column":17}},"29":{"start":{"line":30,"column":0},"end":{"line":30,"column":64}},"30":{"start":{"line":31,"column":0},"end":{"line":31,"column":16}},"31":{"start":{"line":32,"column":0},"end":{"line":32,"column":34}},"32":{"start":{"line":33,"column":0},"end":{"line":33,"column":68}},"33":{"start":{"line":34,"column":0},"end":{"line":34,"column":90}},"34":{"start":{"line":35,"column":0},"end":{"line":35,"column":16}},"35":{"start":{"line":36,"column":0},"end":{"line":36,"column":16}},"36":{"start":{"line":37,"column":0},"end":{"line":37,"column":14}},"37":{"start":{"line":38,"column":0},"end":{"line":38,"column":8}},"38":{"start":{"line":39,"column":0},"end":{"line":39,"column":32}},"39":{"start":{"line":40,"column":0},"end":{"line":40,"column":64}},"40":{"start":{"line":41,"column":0},"end":{"line":41,"column":15}},"41":{"start":{"line":42,"column":0},"end":{"line":42,"column":62}},"42":{"start":{"line":43,"column":0},"end":{"line":43,"column":26}},"43":{"start":{"line":44,"column":0},"end":{"line":44,"column":37}},"44":{"start":{"line":45,"column":0},"end":{"line":45,"column":11}},"45":{"start":{"line":46,"column":0},"end":{"line":46,"column":101}},"46":{"start":{"line":47,"column":0},"end":{"line":47,"column":65}},"47":{"start":{"line":48,"column":0},"end":{"line":48,"column":99}},"48":{"start":{"line":49,"column":0},"end":{"line":49,"column":16}},"49":{"start":{"line":50,"column":0},"end":{"line":50,"column":14}},"50":{"start":{"line":51,"column":0},"end":{"line":51,"column":12}},"51":{"start":{"line":52,"column":0},"end":{"line":52,"column":10}},"52":{"start":{"line":53,"column":0},"end":{"line":53,"column":8}},"53":{"start":{"line":54,"column":0},"end":{"line":54,"column":11}},"54":{"start":{"line":55,"column":0},"end":{"line":55,"column":0}},"55":{"start":{"line":56,"column":0},"end":{"line":56,"column":24}},"56":{"start":{"line":57,"column":0},"end":{"line":57,"column":29}},"57":{"start":{"line":58,"column":0},"end":{"line":58,"column":50}},"58":{"start":{"line":59,"column":0},"end":{"line":59,"column":0}},"59":{"start":{"line":60,"column":0},"end":{"line":60,"column":27}},"60":{"start":{"line":61,"column":0},"end":{"line":61,"column":22}},"61":{"start":{"line":62,"column":0},"end":{"line":62,"column":4}},"62":{"start":{"line":63,"column":0},"end":{"line":63,"column":0}},"63":{"start":{"line":64,"column":0},"end":{"line":64,"column":36}},"64":{"start":{"line":65,"column":0},"end":{"line":65,"column":97}},"65":{"start":{"line":66,"column":0},"end":{"line":66,"column":2}},"66":{"start":{"line":67,"column":0},"end":{"line":67,"column":0}},"67":{"start":{"line":68,"column":0},"end":{"line":68,"column":36}},"68":{"start":{"line":69,"column":0},"end":{"line":69,"column":74}},"69":{"start":{"line":70,"column":0},"end":{"line":70,"column":2}},"70":{"start":{"line":71,"column":0},"end":{"line":71,"column":0}},"71":{"start":{"line":72,"column":0},"end":{"line":72,"column":40}},"72":{"start":{"line":73,"column":0},"end":{"line":73,"column":78}},"73":{"start":{"line":74,"column":0},"end":{"line":74,"column":2}},"74":{"start":{"line":75,"column":0},"end":{"line":75,"column":0}},"75":{"start":{"line":76,"column":0},"end":{"line":76,"column":36}},"76":{"start":{"line":77,"column":0},"end":{"line":77,"column":82}},"77":{"start":{"line":78,"column":0},"end":{"line":78,"column":2}},"78":{"start":{"line":79,"column":0},"end":{"line":79,"column":0}},"79":{"start":{"line":80,"column":0},"end":{"line":80,"column":59}},"80":{"start":{"line":81,"column":0},"end":{"line":81,"column":44}},"81":{"start":{"line":82,"column":0},"end":{"line":82,"column":32}},"82":{"start":{"line":83,"column":0},"end":{"line":83,"column":31}},"83":{"start":{"line":84,"column":0},"end":{"line":84,"column":33}},"84":{"start":{"line":85,"column":0},"end":{"line":85,"column":35}},"85":{"start":{"line":86,"column":0},"end":{"line":86,"column":25}},"86":{"start":{"line":87,"column":0},"end":{"line":87,"column":3}},"87":{"start":{"line":88,"column":0},"end":{"line":88,"column":42}},"88":{"start":{"line":89,"column":0},"end":{"line":89,"column":1}},"89":{"start":{"line":90,"column":0},"end":{"line":90,"column":0}},"90":{"start":{"line":91,"column":0},"end":{"line":91,"column":58}},"91":{"start":{"line":92,"column":0},"end":{"line":92,"column":43}},"92":{"start":{"line":93,"column":0},"end":{"line":93,"column":30}},"93":{"start":{"line":94,"column":0},"end":{"line":94,"column":28}},"94":{"start":{"line":95,"column":0},"end":{"line":95,"column":32}},"95":{"start":{"line":96,"column":0},"end":{"line":96,"column":32}},"96":{"start":{"line":97,"column":0},"end":{"line":97,"column":21}},"97":{"start":{"line":98,"column":0},"end":{"line":98,"column":3}},"98":{"start":{"line":99,"column":0},"end":{"line":99,"column":34}},"99":{"start":{"line":100,"column":0},"end":{"line":100,"column":1}},"100":{"start":{"line":101,"column":0},"end":{"line":101,"column":9}}},"s":{"0":1,"1":1,"2":1,"3":1,"4":1,"5":1,"6":1,"7":1,"8":1,"9":1,"10":1,"11":1,"12":1,"13":1,"14":1,"15":1,"16":1,"17":1,"18":1,"19":1,"20":1,"21":1,"22":1,"23":1,"24":1,"25":1,"26":1,"27":1,"28":1,"29":1,"30":1,"31":1,"32":1,"33":1,"34":1,"35":1,"36":1,"37":1,"38":1,"39":1,"40":1,"41":1,"42":1,"43":1,"44":1,"45":1,"46":1,"47":1,"48":1,"49":1,"50":1,"51":1,"52":1,"53":1,"54":1,"55":1,"56":1,"57":1,"58":1,"59":1,"60":1,"61":1,"62":1,"63":1,"64":16,"65":1,"66":1,"67":1,"68":16,"69":1,"70":1,"71":1,"72":16,"73":1,"74":1,"75":1,"76":16,"77":1,"78":1,"79":1,"80":64,"81":64,"82":64,"83":64,"84":64,"85":64,"86":64,"87":64,"88":64,"89":1,"90":1,"91":64,"92":64,"93":64,"94":64,"95":64,"96":64,"97":64,"98":64,"99":64,"100":1},"branchMap":{"0":{"type":"branch","line":64,"loc":{"start":{"line":64,"column":29},"end":{"line":66,"column":1}},"locations":[{"start":{"line":64,"column":29},"end":{"line":66,"column":1}}]},"1":{"type":"branch","line":65,"loc":{"start":{"line":65,"column":33},"end":{"line":65,"column":76}},"locations":[{"start":{"line":65,"column":33},"end":{"line":65,"column":76}}]},"2":{"type":"branch","line":65,"loc":{"start":{"line":65,"column":45},"end":{"line":65,"column":97}},"locations":[{"start":{"line":65,"column":45},"end":{"line":65,"column":97}}]},"3":{"type":"branch","line":68,"loc":{"start":{"line":68,"column":29},"end":{"line":70,"column":1}},"locations":[{"start":{"line":68,"column":29},"end":{"line":70,"column":1}}]},"4":{"type":"branch","line":69,"loc":{"start":{"line":69,"column":33},"end":{"line":69,"column":62}},"locations":[{"start":{"line":69,"column":33},"end":{"line":69,"column":62}}]},"5":{"type":"branch","line":69,"loc":{"start":{"line":69,"column":45},"end":{"line":69,"column":74}},"locations":[{"start":{"line":69,"column":45},"end":{"line":69,"column":74}}]},"6":{"type":"branch","line":72,"loc":{"start":{"line":72,"column":33},"end":{"line":74,"column":1}},"locations":[{"start":{"line":72,"column":33},"end":{"line":74,"column":1}}]},"7":{"type":"branch","line":73,"loc":{"start":{"line":73,"column":33},"end":{"line":73,"column":64}},"locations":[{"start":{"line":73,"column":33},"end":{"line":73,"column":64}}]},"8":{"type":"branch","line":73,"loc":{"start":{"line":73,"column":45},"end":{"line":73,"column":78}},"locations":[{"start":{"line":73,"column":45},"end":{"line":73,"column":78}}]},"9":{"type":"branch","line":76,"loc":{"start":{"line":76,"column":29},"end":{"line":78,"column":1}},"locations":[{"start":{"line":76,"column":29},"end":{"line":78,"column":1}}]},"10":{"type":"branch","line":77,"loc":{"start":{"line":77,"column":33},"end":{"line":77,"column":66}},"locations":[{"start":{"line":77,"column":33},"end":{"line":77,"column":66}}]},"11":{"type":"branch","line":77,"loc":{"start":{"line":77,"column":45},"end":{"line":77,"column":82}},"locations":[{"start":{"line":77,"column":45},"end":{"line":77,"column":82}}]},"12":{"type":"branch","line":80,"loc":{"start":{"line":80,"column":30},"end":{"line":89,"column":1}},"locations":[{"start":{"line":80,"column":30},"end":{"line":89,"column":1}}]},"13":{"type":"branch","line":88,"loc":{"start":{"line":88,"column":24},"end":{"line":88,"column":42}},"locations":[{"start":{"line":88,"column":24},"end":{"line":88,"column":42}}]},"14":{"type":"branch","line":91,"loc":{"start":{"line":91,"column":29},"end":{"line":100,"column":1}},"locations":[{"start":{"line":91,"column":29},"end":{"line":100,"column":1}}]},"15":{"type":"branch","line":99,"loc":{"start":{"line":99,"column":23},"end":{"line":99,"column":34}},"locations":[{"start":{"line":99,"column":23},"end":{"line":99,"column":34}}]},"16":{"type":"branch","line":34,"loc":{"start":{"line":34,"column":30},"end":{"line":34,"column":90}},"locations":[{"start":{"line":34,"column":30},"end":{"line":34,"column":90}}]},"17":{"type":"branch","line":34,"loc":{"start":{"line":34,"column":30},"end":{"line":34,"column":90}},"locations":[{"start":{"line":34,"column":30},"end":{"line":34,"column":90}}]}},"b":{"0":[16],"1":[13],"2":[3],"3":[16],"4":[13],"5":[3],"6":[16],"7":[13],"8":[3],"9":[16],"10":[13],"11":[3],"12":[64],"13":[0],"14":[64],"15":[0],"16":[13],"17":[3]},"fnMap":{"0":{"name":"getServiceStatusColor","decl":{"start":{"line":80,"column":30},"end":{"line":89,"column":1}},"loc":{"start":{"line":80,"column":30},"end":{"line":89,"column":1}},"line":80},"1":{"name":"getServiceStatusText","decl":{"start":{"line":91,"column":29},"end":{"line":100,"column":1}},"loc":{"start":{"line":91,"column":29},"end":{"line":100,"column":1}},"line":91}},"f":{"0":64,"1":64}}
,"C:\\Users\\Admin\\Documents\\GitHub\\T2_project\\frontend\\src\\components\\dashboard\\MetricCard.vue": {"path":"C:\\Users\\Admin\\Documents\\GitHub\\T2_project\\frontend\\src\\components\\dashboard\\MetricCard.vue","all":false,"statementMap":{"0":{"start":{"line":1,"column":0},"end":{"line":1,"column":10}},"1":{"start":{"line":2,"column":0},"end":{"line":2,"column":62}},"2":{"start":{"line":3,"column":0},"end":{"line":3,"column":35}},"3":{"start":{"line":4,"column":0},"end":{"line":4,"column":6}},"4":{"start":{"line":5,"column":0},"end":{"line":5,"column":24}},"5":{"start":{"line":6,"column":0},"end":{"line":6,"column":68}},"6":{"start":{"line":7,"column":0},"end":{"line":7,"column":56}},"7":{"start":{"line":8,"column":0},"end":{"line":8,"column":96}},"8":{"start":{"line":9,"column":0},"end":{"line":9,"column":12}},"9":{"start":{"line":10,"column":0},"end":{"line":10,"column":12}},"10":{"start":{"line":11,"column":0},"end":{"line":11,"column":10}},"11":{"start":{"line":12,"column":0},"end":{"line":12,"column":8}},"12":{"start":{"line":13,"column":0},"end":{"line":13,"column":11}},"13":{"start":{"line":14,"column":0},"end":{"line":14,"column":0}},"14":{"start":{"line":15,"column":0},"end":{"line":15,"column":24}},"15":{"start":{"line":16,"column":0},"end":{"line":16,"column":29}},"16":{"start":{"line":17,"column":0},"end":{"line":17,"column":0}},"17":{"start":{"line":18,"column":0},"end":{"line":18,"column":27}},"18":{"start":{"line":19,"column":0},"end":{"line":19,"column":15}},"19":{"start":{"line":20,"column":0},"end":{"line":20,"column":15}},"20":{"start":{"line":21,"column":0},"end":{"line":21,"column":14}},"21":{"start":{"line":22,"column":0},"end":{"line":22,"column":55}},"22":{"start":{"line":23,"column":0},"end":{"line":23,"column":4}},"23":{"start":{"line":24,"column":0},"end":{"line":24,"column":0}},"24":{"start":{"line":25,"column":0},"end":{"line":25,"column":39}},"25":{"start":{"line":26,"column":0},"end":{"line":26,"column":30}},"26":{"start":{"line":27,"column":0},"end":{"line":27,"column":33}},"27":{"start":{"line":28,"column":0},"end":{"line":28,"column":3}},"28":{"start":{"line":29,"column":0},"end":{"line":29,"column":31}},"29":{"start":{"line":30,"column":0},"end":{"line":30,"column":2}},"30":{"start":{"line":31,"column":0},"end":{"line":31,"column":0}},"31":{"start":{"line":32,"column":0},"end":{"line":32,"column":37}},"32":{"start":{"line":33,"column":0},"end":{"line":33,"column":20}},"33":{"start":{"line":34,"column":0},"end":{"line":34,"column":24}},"34":{"start":{"line":35,"column":0},"end":{"line":35,"column":26}},"35":{"start":{"line":36,"column":0},"end":{"line":36,"column":28}},"36":{"start":{"line":37,"column":0},"end":{"line":37,"column":28}},"37":{"start":{"line":38,"column":0},"end":{"line":38,"column":21}},"38":{"start":{"line":39,"column":0},"end":{"line":39,"column":3}},"39":{"start":{"line":40,"column":0},"end":{"line":40,"column":47}},"40":{"start":{"line":41,"column":0},"end":{"line":41,"column":2}},"41":{"start":{"line":42,"column":0},"end":{"line":42,"column":9}}},"s":{"0":1,"1":1,"2":1,"3":1,"4":1,"5":1,"6":1,"7":1,"8":1,"9":1,"10":1,"11":1,"12":1,"13":1,"14":1,"15":1,"16":1,"17":1,"18":1,"19":1,"20":1,"21":1,"22":1,"23":1,"24":1,"25":25,"26":23,"27":23,"28":2,"29":1,"30":1,"31":1,"32":0,"33":0,"34":0,"35":0,"36":0,"37":0,"38":0,"39":0,"40":1,"41":1},"branchMap":{"0":{"type":"branch","line":25,"loc":{"start":{"line":25,"column":32},"end":{"line":30,"column":1}},"locations":[{"start":{"line":25,"column":32},"end":{"line":30,"column":1}}]},"1":{"type":"branch","line":26,"loc":{"start":{"line":26,"column":29},"end":{"line":29,"column":31}},"locations":[{"start":{"line":26,"column":29},"end":{"line":29,"column":31}}]},"2":{"type":"branch","line":28,"loc":{"start":{"line":28,"column":2},"end":{"line":29,"column":31}},"locations":[{"start":{"line":28,"column":2},"end":{"line":29,"column":31}}]}},"b":{"0":[25],"1":[23],"2":[2]},"fnMap":{},"f":{}}
,"C:\\Users\\Admin\\Documents\\GitHub\\T2_project\\frontend\\src\\components\\dashboard\\MetricsTable.vue": {"path":"C:\\Users\\Admin\\Documents\\GitHub\\T2_project\\frontend\\src\\components\\dashboard\\MetricsTable.vue","all":false,"statementMap":{"0":{"start":{"line":1,"column":0},"end":{"line":1,"column":10}},"1":{"start":{"line":2,"column":0},"end":{"line":2,"column":31}},"2":{"start":{"line":3,"column":0},"end":{"line":3,"column":26}},"3":{"start":{"line":4,"column":0},"end":{"line":4,"column":49}},"4":{"start":{"line":5,"column":0},"end":{"line":5,"column":57}},"5":{"start":{"line":6,"column":0},"end":{"line":6,"column":15}},"6":{"start":{"line":7,"column":0},"end":{"line":7,"column":14}},"7":{"start":{"line":8,"column":0},"end":{"line":8,"column":115}},"8":{"start":{"line":9,"column":0},"end":{"line":9,"column":20}},"9":{"start":{"line":10,"column":0},"end":{"line":10,"column":17}},"10":{"start":{"line":11,"column":0},"end":{"line":11,"column":115}},"11":{"start":{"line":12,"column":0},"end":{"line":12,"column":21}},"12":{"start":{"line":13,"column":0},"end":{"line":13,"column":17}},"13":{"start":{"line":14,"column":0},"end":{"line":14,"column":115}},"14":{"start":{"line":15,"column":0},"end":{"line":15,"column":26}},"15":{"start":{"line":16,"column":0},"end":{"line":16,"column":17}},"16":{"start":{"line":17,"column":0},"end":{"line":17,"column":115}},"17":{"start":{"line":18,"column":0},"end":{"line":18,"column":22}},"18":{"start":{"line":19,"column":0},"end":{"line":19,"column":17}},"19":{"start":{"line":20,"column":0},"end":{"line":20,"column":115}},"20":{"start":{"line":21,"column":0},"end":{"line":21,"column":23}},"21":{"start":{"line":22,"column":0},"end":{"line":22,"column":17}},"22":{"start":{"line":23,"column":0},"end":{"line":23,"column":115}},"23":{"start":{"line":24,"column":0},"end":{"line":24,"column":19}},"24":{"start":{"line":25,"column":0},"end":{"line":25,"column":17}},"25":{"start":{"line":26,"column":0},"end":{"line":26,"column":15}},"26":{"start":{"line":27,"column":0},"end":{"line":27,"column":16}},"27":{"start":{"line":28,"column":0},"end":{"line":28,"column":57}},"28":{"start":{"line":29,"column":0},"end":{"line":29,"column":57}},"29":{"start":{"line":30,"column":0},"end":{"line":30,"column":52}},"30":{"start":{"line":31,"column":0},"end":{"line":31,"column":142}},"31":{"start":{"line":32,"column":0},"end":{"line":32,"column":48}},"32":{"start":{"line":33,"column":0},"end":{"line":33,"column":21}},"33":{"start":{"line":34,"column":0},"end":{"line":34,"column":17}},"34":{"start":{"line":35,"column":0},"end":{"line":35,"column":74}},"35":{"start":{"line":36,"column":0},"end":{"line":36,"column":35}},"36":{"start":{"line":37,"column":0},"end":{"line":37,"column":17}},"37":{"start":{"line":38,"column":0},"end":{"line":38,"column":52}},"38":{"start":{"line":39,"column":0},"end":{"line":39,"column":45}},"39":{"start":{"line":40,"column":0},"end":{"line":40,"column":63}},"40":{"start":{"line":41,"column":0},"end":{"line":41,"column":23}},"41":{"start":{"line":42,"column":0},"end":{"line":42,"column":45}},"42":{"start":{"line":43,"column":0},"end":{"line":43,"column":74}},"43":{"start":{"line":44,"column":0},"end":{"line":44,"column":96}},"44":{"start":{"line":45,"column":0},"end":{"line":45,"column":25}},"45":{"start":{"line":46,"column":0},"end":{"line":46,"column":22}},"46":{"start":{"line":47,"column":0},"end":{"line":47,"column":96}},"47":{"start":{"line":48,"column":0},"end":{"line":48,"column":20}},"48":{"start":{"line":49,"column":0},"end":{"line":49,"column":17}},"49":{"start":{"line":50,"column":0},"end":{"line":50,"column":52}},"50":{"start":{"line":51,"column":0},"end":{"line":51,"column":45}},"51":{"start":{"line":52,"column":0},"end":{"line":52,"column":63}},"52":{"start":{"line":53,"column":0},"end":{"line":53,"column":23}},"53":{"start":{"line":54,"column":0},"end":{"line":54,"column":58}},"54":{"start":{"line":55,"column":0},"end":{"line":55,"column":74}},"55":{"start":{"line":56,"column":0},"end":{"line":56,"column":25}},"56":{"start":{"line":57,"column":0},"end":{"line":57,"column":22}},"57":{"start":{"line":58,"column":0},"end":{"line":58,"column":110}},"58":{"start":{"line":59,"column":0},"end":{"line":59,"column":20}},"59":{"start":{"line":60,"column":0},"end":{"line":60,"column":17}},"60":{"start":{"line":61,"column":0},"end":{"line":61,"column":74}},"61":{"start":{"line":62,"column":0},"end":{"line":62,"column":48}},"62":{"start":{"line":63,"column":0},"end":{"line":63,"column":17}},"63":{"start":{"line":64,"column":0},"end":{"line":64,"column":74}},"64":{"start":{"line":65,"column":0},"end":{"line":65,"column":48}},"65":{"start":{"line":66,"column":0},"end":{"line":66,"column":17}},"66":{"start":{"line":67,"column":0},"end":{"line":67,"column":15}},"67":{"start":{"line":68,"column":0},"end":{"line":68,"column":16}},"68":{"start":{"line":69,"column":0},"end":{"line":69,"column":14}},"69":{"start":{"line":70,"column":0},"end":{"line":70,"column":10}},"70":{"start":{"line":71,"column":0},"end":{"line":71,"column":0}},"71":{"start":{"line":72,"column":0},"end":{"line":72,"column":25}},"72":{"start":{"line":73,"column":0},"end":{"line":73,"column":37}},"73":{"start":{"line":74,"column":0},"end":{"line":74,"column":109}},"74":{"start":{"line":75,"column":0},"end":{"line":75,"column":60}},"75":{"start":{"line":76,"column":0},"end":{"line":76,"column":138}},"76":{"start":{"line":77,"column":0},"end":{"line":77,"column":44}},"77":{"start":{"line":78,"column":0},"end":{"line":78,"column":17}},"78":{"start":{"line":79,"column":0},"end":{"line":79,"column":87}},"79":{"start":{"line":80,"column":0},"end":{"line":80,"column":14}},"80":{"start":{"line":81,"column":0},"end":{"line":81,"column":8}},"81":{"start":{"line":82,"column":0},"end":{"line":82,"column":31}},"82":{"start":{"line":83,"column":0},"end":{"line":83,"column":44}},"83":{"start":{"line":84,"column":0},"end":{"line":84,"column":63}},"84":{"start":{"line":85,"column":0},"end":{"line":85,"column":88}},"85":{"start":{"line":86,"column":0},"end":{"line":86,"column":16}},"86":{"start":{"line":87,"column":0},"end":{"line":87,"column":44}},"87":{"start":{"line":88,"column":0},"end":{"line":88,"column":68}},"88":{"start":{"line":89,"column":0},"end":{"line":89,"column":99}},"89":{"start":{"line":90,"column":0},"end":{"line":90,"column":16}},"90":{"start":{"line":91,"column":0},"end":{"line":91,"column":44}},"91":{"start":{"line":92,"column":0},"end":{"line":92,"column":64}},"92":{"start":{"line":93,"column":0},"end":{"line":93,"column":113}},"93":{"start":{"line":94,"column":0},"end":{"line":94,"column":16}},"94":{"start":{"line":95,"column":0},"end":{"line":95,"column":44}},"95":{"start":{"line":96,"column":0},"end":{"line":96,"column":65}},"96":{"start":{"line":97,"column":0},"end":{"line":97,"column":101}},"97":{"start":{"line":98,"column":0},"end":{"line":98,"column":16}},"98":{"start":{"line":99,"column":0},"end":{"line":99,"column":14}},"99":{"start":{"line":100,"column":0},"end":{"line":100,"column":12}},"100":{"start":{"line":101,"column":0},"end":{"line":101,"column":10}},"101":{"start":{"line":102,"column":0},"end":{"line":102,"column":0}},"102":{"start":{"line":103,"column":0},"end":{"line":103,"column":24}},"103":{"start":{"line":104,"column":0},"end":{"line":104,"column":62}},"104":{"start":{"line":105,"column":0},"end":{"line":105,"column":105}},"105":{"start":{"line":106,"column":0},"end":{"line":106,"column":281}},"106":{"start":{"line":107,"column":0},"end":{"line":107,"column":12}},"107":{"start":{"line":108,"column":0},"end":{"line":108,"column":72}},"108":{"start":{"line":109,"column":0},"end":{"line":109,"column":89}},"109":{"start":{"line":110,"column":0},"end":{"line":110,"column":10}},"110":{"start":{"line":111,"column":0},"end":{"line":111,"column":8}},"111":{"start":{"line":112,"column":0},"end":{"line":112,"column":11}},"112":{"start":{"line":113,"column":0},"end":{"line":113,"column":0}},"113":{"start":{"line":114,"column":0},"end":{"line":114,"column":24}},"114":{"start":{"line":115,"column":0},"end":{"line":115,"column":44}},"115":{"start":{"line":116,"column":0},"end":{"line":116,"column":0}},"116":{"start":{"line":117,"column":0},"end":{"line":117,"column":13}},"117":{"start":{"line":118,"column":0},"end":{"line":118,"column":19}},"118":{"start":{"line":119,"column":0},"end":{"line":119,"column":4}},"119":{"start":{"line":120,"column":0},"end":{"line":120,"column":0}},"120":{"start":{"line":121,"column":0},"end":{"line":121,"column":49}},"121":{"start":{"line":122,"column":0},"end":{"line":122,"column":44}},"122":{"start":{"line":123,"column":0},"end":{"line":123,"column":21}},"123":{"start":{"line":124,"column":0},"end":{"line":124,"column":19}},"124":{"start":{"line":125,"column":0},"end":{"line":125,"column":19}},"125":{"start":{"line":126,"column":0},"end":{"line":126,"column":3}},"126":{"start":{"line":127,"column":0},"end":{"line":127,"column":33}},"127":{"start":{"line":128,"column":0},"end":{"line":128,"column":1}},"128":{"start":{"line":129,"column":0},"end":{"line":129,"column":0}},"129":{"start":{"line":130,"column":0},"end":{"line":130,"column":55}},"130":{"start":{"line":131,"column":0},"end":{"line":131,"column":44}},"131":{"start":{"line":132,"column":0},"end":{"line":132,"column":46}},"132":{"start":{"line":133,"column":0},"end":{"line":133,"column":44}},"133":{"start":{"line":134,"column":0},"end":{"line":134,"column":42}},"134":{"start":{"line":135,"column":0},"end":{"line":135,"column":43}},"135":{"start":{"line":136,"column":0},"end":{"line":136,"column":3}},"136":{"start":{"line":137,"column":0},"end":{"line":137,"column":55}},"137":{"start":{"line":138,"column":0},"end":{"line":138,"column":1}},"138":{"start":{"line":139,"column":0},"end":{"line":139,"column":0}},"139":{"start":{"line":140,"column":0},"end":{"line":140,"column":64}},"140":{"start":{"line":141,"column":0},"end":{"line":141,"column":47}},"141":{"start":{"line":142,"column":0},"end":{"line":142,"column":49}},"142":{"start":{"line":143,"column":0},"end":{"line":143,"column":21}},"143":{"start":{"line":144,"column":0},"end":{"line":144,"column":1}},"144":{"start":{"line":145,"column":0},"end":{"line":145,"column":0}},"145":{"start":{"line":146,"column":0},"end":{"line":146,"column":69}},"146":{"start":{"line":147,"column":0},"end":{"line":147,"column":51}},"147":{"start":{"line":148,"column":0},"end":{"line":148,"column":1}},"148":{"start":{"line":149,"column":0},"end":{"line":149,"column":0}},"149":{"start":{"line":150,"column":0},"end":{"line":150,"column":51}},"150":{"start":{"line":151,"column":0},"end":{"line":151,"column":34}},"151":{"start":{"line":152,"column":0},"end":{"line":152,"column":43}},"152":{"start":{"line":153,"column":0},"end":{"line":153,"column":20}},"153":{"start":{"line":154,"column":0},"end":{"line":154,"column":22}},"154":{"start":{"line":155,"column":0},"end":{"line":155,"column":21}},"155":{"start":{"line":156,"column":0},"end":{"line":156,"column":17}},"156":{"start":{"line":157,"column":0},"end":{"line":157,"column":1}},"157":{"start":{"line":158,"column":0},"end":{"line":158,"column":9}}},"s":{"0":1,"1":1,"2":1,"3":1,"4":1,"5":1,"6":1,"7":1,"8":1,"9":1,"10":1,"11":1,"12":1,"13":1,"14":1,"15":1,"16":1,"17":1,"18":1,"19":1,"20":1,"21":1,"22":1,"23":1,"24":1,"25":1,"26":1,"27":1,"28":1,"29":1,"30":1,"31":1,"32":1,"33":1,"34":1,"35":1,"36":1,"37":1,"38":1,"39":1,"40":1,"41":1,"42":1,"43":1,"44":1,"45":1,"46":1,"47":1,"48":1,"49":1,"50":1,"51":1,"52":1,"53":1,"54":1,"55":1,"56":1,"57":1,"58":1,"59":1,"60":1,"61":1,"62":1,"63":1,"64":1,"65":1,"66":1,"67":1,"68":1,"69":1,"70":1,"71":1,"72":1,"73":1,"74":1,"75":1,"76":1,"77":1,"78":1,"79":1,"80":1,"81":1,"82":1,"83":1,"84":1,"85":1,"86":1,"87":1,"88":1,"89":1,"90":1,"91":1,"92":1,"93":1,"94":1,"95":1,"96":1,"97":1,"98":1,"99":1,"100":1,"101":1,"102":1,"103":1,"104":8,"105":8,"106":8,"107":8,"108":8,"109":1,"110":1,"111":1,"112":1,"113":1,"114":1,"115":1,"116":1,"117":1,"118":1,"119":1,"120":1,"121":14,"122":14,"123":14,"124":14,"125":14,"126":14,"127":14,"128":1,"129":1,"130":14,"131":14,"132":14,"133":14,"134":14,"135":14,"136":14,"137":14,"138":1,"139":1,"140":7,"141":7,"142":1,"143":7,"144":1,"145":1,"146":7,"147":7,"148":1,"149":1,"150":14,"151":14,"152":14,"153":14,"154":14,"155":14,"156":14,"157":1},"branchMap":{"0":{"type":"branch","line":121,"loc":{"start":{"line":121,"column":21},"end":{"line":128,"column":1}},"locations":[{"start":{"line":121,"column":21},"end":{"line":128,"column":1}}]},"1":{"type":"branch","line":127,"loc":{"start":{"line":127,"column":23},"end":{"line":127,"column":33}},"locations":[{"start":{"line":127,"column":23},"end":{"line":127,"column":33}}]},"2":{"type":"branch","line":130,"loc":{"start":{"line":130,"column":27},"end":{"line":138,"column":1}},"locations":[{"start":{"line":130,"column":27},"end":{"line":138,"column":1}}]},"3":{"type":"branch","line":137,"loc":{"start":{"line":137,"column":23},"end":{"line":137,"column":55}},"locations":[{"start":{"line":137,"column":23},"end":{"line":137,"column":55}}]},"4":{"type":"branch","line":140,"loc":{"start":{"line":140,"column":29},"end":{"line":144,"column":1}},"locations":[{"start":{"line":140,"column":29},"end":{"line":144,"column":1}}]},"5":{"type":"branch","line":141,"loc":{"start":{"line":141,"column":26},"end":{"line":141,"column":47}},"locations":[{"start":{"line":141,"column":26},"end":{"line":141,"column":47}}]},"6":{"type":"branch","line":141,"loc":{"start":{"line":141,"column":33},"end":{"line":142,"column":34}},"locations":[{"start":{"line":141,"column":33},"end":{"line":142,"column":34}}]},"7":{"type":"branch","line":142,"loc":{"start":{"line":142,"column":27},"end":{"line":142,"column":49}},"locations":[{"start":{"line":142,"column":27},"end":{"line":142,"column":49}}]},"8":{"type":"branch","line":142,"loc":{"start":{"line":142,"column":34},"end":{"line":143,"column":21}},"locations":[{"start":{"line":142,"column":34},"end":{"line":143,"column":21}}]},"9":{"type":"branch","line":146,"loc":{"start":{"line":146,"column":34},"end":{"line":148,"column":1}},"locations":[{"start":{"line":146,"column":34},"end":{"line":148,"column":1}}]},"10":{"type":"branch","line":150,"loc":{"start":{"line":150,"column":19},"end":{"line":157,"column":1}},"locations":[{"start":{"line":150,"column":19},"end":{"line":157,"column":1}}]},"11":{"type":"branch","line":104,"loc":{"start":{"line":104,"column":29},"end":{"line":109,"column":89}},"locations":[{"start":{"line":104,"column":29},"end":{"line":109,"column":89}}]},"12":{"type":"branch","line":109,"loc":{"start":{"line":109,"column":85},"end":{"line":109,"column":89}},"locations":[{"start":{"line":109,"column":85},"end":{"line":109,"column":89}}]}},"b":{"0":[14],"1":[0],"2":[14],"3":[6],"4":[7],"5":[3],"6":[4],"7":[3],"8":[1],"9":[7],"10":[14],"11":[8],"12":[3]},"fnMap":{"0":{"name":"getModelName","decl":{"start":{"line":121,"column":21},"end":{"line":128,"column":1}},"loc":{"start":{"line":121,"column":21},"end":{"line":128,"column":1}},"line":121},"1":{"name":"getModelBadgeClass","decl":{"start":{"line":130,"column":27},"end":{"line":138,"column":1}},"loc":{"start":{"line":130,"column":27},"end":{"line":138,"column":1}},"line":130},"2":{"name":"getResponseTimeColor","decl":{"start":{"line":140,"column":29},"end":{"line":144,"column":1}},"loc":{"start":{"line":140,"column":29},"end":{"line":144,"column":1}},"line":140},"3":{"name":"getResponseTimePercentage","decl":{"start":{"line":146,"column":34},"end":{"line":148,"column":1}},"loc":{"start":{"line":146,"column":34},"end":{"line":148,"column":1}},"line":146},"4":{"name":"formatTime","decl":{"start":{"line":150,"column":19},"end":{"line":157,"column":1}},"loc":{"start":{"line":150,"column":19},"end":{"line":157,"column":1}},"line":150}},"f":{"0":14,"1":14,"2":7,"3":7,"4":14}}
,"C:\\Users\\Admin\\Documents\\GitHub\\T2_project\\frontend\\src\\components\\dashboard\\ModelComparison.vue": {"path":"C:\\Users\\Admin\\Documents\\GitHub\\T2_project\\frontend\\src\\components\\dashboard\\ModelComparison.vue","all":false,"statementMap":{"0":{"start":{"line":1,"column":0},"end":{"line":1,"column":10}},"1":{"start":{"line":2,"column":0},"end":{"line":2,"column":25}},"2":{"start":{"line":3,"column":0},"end":{"line":3,"column":26}},"3":{"start":{"line":4,"column":0},"end":{"line":4,"column":51}},"4":{"start":{"line":5,"column":0},"end":{"line":5,"column":99}},"5":{"start":{"line":6,"column":0},"end":{"line":6,"column":81}},"6":{"start":{"line":7,"column":0},"end":{"line":7,"column":10}},"7":{"start":{"line":8,"column":0},"end":{"line":8,"column":0}},"8":{"start":{"line":9,"column":0},"end":{"line":9,"column":30}},"9":{"start":{"line":10,"column":0},"end":{"line":10,"column":67}},"10":{"start":{"line":11,"column":0},"end":{"line":11,"column":39}},"11":{"start":{"line":12,"column":0},"end":{"line":12,"column":11}},"12":{"start":{"line":13,"column":0},"end":{"line":13,"column":81}},"13":{"start":{"line":14,"column":0},"end":{"line":14,"column":31}},"14":{"start":{"line":15,"column":0},"end":{"line":15,"column":96}},"15":{"start":{"line":16,"column":0},"end":{"line":16,"column":102}},"16":{"start":{"line":17,"column":0},"end":{"line":17,"column":32}},"17":{"start":{"line":18,"column":0},"end":{"line":18,"column":45}},"18":{"start":{"line":19,"column":0},"end":{"line":19,"column":65}},"19":{"start":{"line":20,"column":0},"end":{"line":20,"column":23}},"20":{"start":{"line":21,"column":0},"end":{"line":21,"column":45}},"21":{"start":{"line":22,"column":0},"end":{"line":22,"column":78}},"22":{"start":{"line":23,"column":0},"end":{"line":23,"column":95}},"23":{"start":{"line":24,"column":0},"end":{"line":24,"column":25}},"24":{"start":{"line":25,"column":0},"end":{"line":25,"column":22}},"25":{"start":{"line":26,"column":0},"end":{"line":26,"column":84}},"26":{"start":{"line":27,"column":0},"end":{"line":27,"column":51}},"27":{"start":{"line":28,"column":0},"end":{"line":28,"column":22}},"28":{"start":{"line":29,"column":0},"end":{"line":29,"column":20}},"29":{"start":{"line":30,"column":0},"end":{"line":30,"column":54}},"30":{"start":{"line":31,"column":0},"end":{"line":31,"column":95}},"31":{"start":{"line":32,"column":0},"end":{"line":32,"column":20}},"32":{"start":{"line":33,"column":0},"end":{"line":33,"column":18}},"33":{"start":{"line":34,"column":0},"end":{"line":34,"column":16}},"34":{"start":{"line":35,"column":0},"end":{"line":35,"column":14}},"35":{"start":{"line":36,"column":0},"end":{"line":36,"column":12}},"36":{"start":{"line":37,"column":0},"end":{"line":37,"column":0}},"37":{"start":{"line":38,"column":0},"end":{"line":38,"column":39}},"38":{"start":{"line":39,"column":0},"end":{"line":39,"column":11}},"39":{"start":{"line":40,"column":0},"end":{"line":40,"column":84}},"40":{"start":{"line":41,"column":0},"end":{"line":41,"column":31}},"41":{"start":{"line":42,"column":0},"end":{"line":42,"column":96}},"42":{"start":{"line":43,"column":0},"end":{"line":43,"column":102}},"43":{"start":{"line":44,"column":0},"end":{"line":44,"column":32}},"44":{"start":{"line":45,"column":0},"end":{"line":45,"column":45}},"45":{"start":{"line":46,"column":0},"end":{"line":46,"column":65}},"46":{"start":{"line":47,"column":0},"end":{"line":47,"column":23}},"47":{"start":{"line":48,"column":0},"end":{"line":48,"column":58}},"48":{"start":{"line":49,"column":0},"end":{"line":49,"column":78}},"49":{"start":{"line":50,"column":0},"end":{"line":50,"column":25}},"50":{"start":{"line":51,"column":0},"end":{"line":51,"column":22}},"51":{"start":{"line":52,"column":0},"end":{"line":52,"column":84}},"52":{"start":{"line":53,"column":0},"end":{"line":53,"column":68}},"53":{"start":{"line":54,"column":0},"end":{"line":54,"column":22}},"54":{"start":{"line":55,"column":0},"end":{"line":55,"column":20}},"55":{"start":{"line":56,"column":0},"end":{"line":56,"column":18}},"56":{"start":{"line":57,"column":0},"end":{"line":57,"column":16}},"57":{"start":{"line":58,"column":0},"end":{"line":58,"column":14}},"58":{"start":{"line":59,"column":0},"end":{"line":59,"column":12}},"59":{"start":{"line":60,"column":0},"end":{"line":60,"column":0}},"60":{"start":{"line":61,"column":0},"end":{"line":61,"column":30}},"61":{"start":{"line":62,"column":0},"end":{"line":62,"column":11}},"62":{"start":{"line":63,"column":0},"end":{"line":63,"column":77}},"63":{"start":{"line":64,"column":0},"end":{"line":64,"column":31}},"64":{"start":{"line":65,"column":0},"end":{"line":65,"column":96}},"65":{"start":{"line":66,"column":0},"end":{"line":66,"column":102}},"66":{"start":{"line":67,"column":0},"end":{"line":67,"column":32}},"67":{"start":{"line":68,"column":0},"end":{"line":68,"column":45}},"68":{"start":{"line":69,"column":0},"end":{"line":69,"column":65}},"69":{"start":{"line":70,"column":0},"end":{"line":70,"column":23}},"70":{"start":{"line":71,"column":0},"end":{"line":71,"column":59}},"71":{"start":{"line":72,"column":0},"end":{"line":72,"column":81}},"72":{"start":{"line":73,"column":0},"end":{"line":73,"column":25}},"73":{"start":{"line":74,"column":0},"end":{"line":74,"column":22}},"74":{"start":{"line":75,"column":0},"end":{"line":75,"column":84}},"75":{"start":{"line":76,"column":0},"end":{"line":76,"column":58}},"76":{"start":{"line":77,"column":0},"end":{"line":77,"column":22}},"77":{"start":{"line":78,"column":0},"end":{"line":78,"column":20}},"78":{"start":{"line":79,"column":0},"end":{"line":79,"column":18}},"79":{"start":{"line":80,"column":0},"end":{"line":80,"column":16}},"80":{"start":{"line":81,"column":0},"end":{"line":81,"column":14}},"81":{"start":{"line":82,"column":0},"end":{"line":82,"column":12}},"82":{"start":{"line":83,"column":0},"end":{"line":83,"column":0}},"83":{"start":{"line":84,"column":0},"end":{"line":84,"column":27}},"84":{"start":{"line":85,"column":0},"end":{"line":85,"column":11}},"85":{"start":{"line":86,"column":0},"end":{"line":86,"column":85}},"86":{"start":{"line":87,"column":0},"end":{"line":87,"column":59}},"87":{"start":{"line":88,"column":0},"end":{"line":88,"column":104}},"88":{"start":{"line":89,"column":0},"end":{"line":89,"column":59}},"89":{"start":{"line":90,"column":0},"end":{"line":90,"column":101}},"90":{"start":{"line":91,"column":0},"end":{"line":91,"column":100}},"91":{"start":{"line":92,"column":0},"end":{"line":92,"column":61}},"92":{"start":{"line":93,"column":0},"end":{"line":93,"column":21}},"93":{"start":{"line":94,"column":0},"end":{"line":94,"column":18}},"94":{"start":{"line":95,"column":0},"end":{"line":95,"column":52}},"95":{"start":{"line":96,"column":0},"end":{"line":96,"column":53}},"96":{"start":{"line":97,"column":0},"end":{"line":97,"column":18}},"97":{"start":{"line":98,"column":0},"end":{"line":98,"column":16}},"98":{"start":{"line":99,"column":0},"end":{"line":99,"column":14}},"99":{"start":{"line":100,"column":0},"end":{"line":100,"column":12}},"100":{"start":{"line":101,"column":0},"end":{"line":101,"column":10}},"101":{"start":{"line":102,"column":0},"end":{"line":102,"column":0}},"102":{"start":{"line":103,"column":0},"end":{"line":103,"column":24}},"103":{"start":{"line":104,"column":0},"end":{"line":104,"column":75}},"104":{"start":{"line":105,"column":0},"end":{"line":105,"column":105}},"105":{"start":{"line":106,"column":0},"end":{"line":106,"column":281}},"106":{"start":{"line":107,"column":0},"end":{"line":107,"column":12}},"107":{"start":{"line":108,"column":0},"end":{"line":108,"column":87}},"108":{"start":{"line":109,"column":0},"end":{"line":109,"column":88}},"109":{"start":{"line":110,"column":0},"end":{"line":110,"column":10}},"110":{"start":{"line":111,"column":0},"end":{"line":111,"column":8}},"111":{"start":{"line":112,"column":0},"end":{"line":112,"column":11}},"112":{"start":{"line":113,"column":0},"end":{"line":113,"column":0}},"113":{"start":{"line":114,"column":0},"end":{"line":114,"column":24}},"114":{"start":{"line":115,"column":0},"end":{"line":115,"column":0}},"115":{"start":{"line":116,"column":0},"end":{"line":116,"column":53}},"116":{"start":{"line":117,"column":0},"end":{"line":117,"column":0}},"117":{"start":{"line":118,"column":0},"end":{"line":118,"column":13}},"118":{"start":{"line":119,"column":0},"end":{"line":119,"column":37}},"119":{"start":{"line":120,"column":0},"end":{"line":120,"column":21}},"120":{"start":{"line":121,"column":0},"end":{"line":121,"column":4}},"121":{"start":{"line":122,"column":0},"end":{"line":122,"column":0}},"122":{"start":{"line":123,"column":0},"end":{"line":123,"column":49}},"123":{"start":{"line":124,"column":0},"end":{"line":124,"column":44}},"124":{"start":{"line":125,"column":0},"end":{"line":125,"column":21}},"125":{"start":{"line":126,"column":0},"end":{"line":126,"column":19}},"126":{"start":{"line":127,"column":0},"end":{"line":127,"column":19}},"127":{"start":{"line":128,"column":0},"end":{"line":128,"column":3}},"128":{"start":{"line":129,"column":0},"end":{"line":129,"column":33}},"129":{"start":{"line":130,"column":0},"end":{"line":130,"column":1}},"130":{"start":{"line":131,"column":0},"end":{"line":131,"column":0}},"131":{"start":{"line":132,"column":0},"end":{"line":132,"column":64}},"132":{"start":{"line":133,"column":0},"end":{"line":133,"column":47}},"133":{"start":{"line":134,"column":0},"end":{"line":134,"column":49}},"134":{"start":{"line":135,"column":0},"end":{"line":135,"column":21}},"135":{"start":{"line":136,"column":0},"end":{"line":136,"column":1}},"136":{"start":{"line":137,"column":0},"end":{"line":137,"column":0}},"137":{"start":{"line":138,"column":0},"end":{"line":138,"column":64}},"138":{"start":{"line":139,"column":0},"end":{"line":139,"column":34}},"139":{"start":{"line":140,"column":0},"end":{"line":140,"column":51}},"140":{"start":{"line":141,"column":0},"end":{"line":141,"column":1}},"141":{"start":{"line":142,"column":0},"end":{"line":142,"column":0}},"142":{"start":{"line":143,"column":0},"end":{"line":143,"column":48}},"143":{"start":{"line":144,"column":0},"end":{"line":144,"column":32}},"144":{"start":{"line":145,"column":0},"end":{"line":145,"column":42}},"145":{"start":{"line":146,"column":0},"end":{"line":146,"column":1}},"146":{"start":{"line":147,"column":0},"end":{"line":147,"column":0}},"147":{"start":{"line":148,"column":0},"end":{"line":148,"column":55}},"148":{"start":{"line":149,"column":0},"end":{"line":149,"column":43}},"149":{"start":{"line":150,"column":0},"end":{"line":150,"column":44}},"150":{"start":{"line":151,"column":0},"end":{"line":151,"column":23}},"151":{"start":{"line":152,"column":0},"end":{"line":152,"column":1}},"152":{"start":{"line":153,"column":0},"end":{"line":153,"column":9}}},"s":{"0":1,"1":1,"2":1,"3":1,"4":1,"5":1,"6":1,"7":1,"8":1,"9":1,"10":1,"11":1,"12":1,"13":1,"14":1,"15":1,"16":1,"17":1,"18":1,"19":1,"20":1,"21":1,"22":1,"23":1,"24":1,"25":1,"26":1,"27":1,"28":1,"29":1,"30":1,"31":1,"32":1,"33":1,"34":1,"35":1,"36":1,"37":1,"38":1,"39":1,"40":1,"41":1,"42":1,"43":1,"44":1,"45":1,"46":1,"47":1,"48":1,"49":1,"50":1,"51":1,"52":1,"53":1,"54":1,"55":1,"56":1,"57":1,"58":1,"59":1,"60":1,"61":1,"62":1,"63":1,"64":1,"65":1,"66":1,"67":1,"68":1,"69":1,"70":1,"71":1,"72":1,"73":1,"74":1,"75":1,"76":1,"77":1,"78":1,"79":1,"80":1,"81":1,"82":1,"83":1,"84":1,"85":1,"86":1,"87":1,"88":1,"89":1,"90":1,"91":1,"92":1,"93":1,"94":1,"95":1,"96":1,"97":1,"98":1,"99":1,"100":1,"101":1,"102":1,"103":1,"104":1,"105":1,"106":1,"107":1,"108":1,"109":1,"110":1,"111":1,"112":1,"113":1,"114":1,"115":1,"116":1,"117":1,"118":1,"119":1,"120":1,"121":1,"122":1,"123":12,"124":12,"125":12,"126":12,"127":12,"128":12,"129":12,"130":1,"131":1,"132":3,"133":3,"134":1,"135":3,"136":1,"137":1,"138":3,"139":3,"140":3,"141":1,"142":1,"143":3,"144":3,"145":3,"146":1,"147":1,"148":3,"149":3,"150":1,"151":3,"152":1},"branchMap":{"0":{"type":"branch","line":123,"loc":{"start":{"line":123,"column":21},"end":{"line":130,"column":1}},"locations":[{"start":{"line":123,"column":21},"end":{"line":130,"column":1}}]},"1":{"type":"branch","line":129,"loc":{"start":{"line":129,"column":23},"end":{"line":129,"column":33}},"locations":[{"start":{"line":129,"column":23},"end":{"line":129,"column":33}}]},"2":{"type":"branch","line":132,"loc":{"start":{"line":132,"column":29},"end":{"line":136,"column":1}},"locations":[{"start":{"line":132,"column":29},"end":{"line":136,"column":1}}]},"3":{"type":"branch","line":133,"loc":{"start":{"line":133,"column":26},"end":{"line":133,"column":47}},"locations":[{"start":{"line":133,"column":26},"end":{"line":133,"column":47}}]},"4":{"type":"branch","line":133,"loc":{"start"
[...]
{"line":29,"column":78}},"29":{"start":{"line":30,"column":0},"end":{"line":30,"column":80}},"30":{"start":{"line":31,"column":0},"end":{"line":31,"column":10}},"31":{"start":{"line":32,"column":0},"end":{"line":32,"column":33}},"32":{"start":{"line":33,"column":0},"end":{"line":33,"column":19}},"33":{"start":{"line":34,"column":0},"end":{"line":34,"column":38}},"34":{"start":{"line":35,"column":0},"end":{"line":35,"column":29}},"35":{"start":{"line":36,"column":0},"end":{"line":36,"column":111}},"36":{"start":{"line":37,"column":0},"end":{"line":37,"column":100}},"37":{"start":{"line":38,"column":0},"end":{"line":38,"column":13}},"38":{"start":{"line":39,"column":0},"end":{"line":39,"column":20}},"39":{"start":{"line":40,"column":0},"end":{"line":40,"column":28}},"40":{"start":{"line":41,"column":0},"end":{"line":41,"column":39}},"41":{"start":{"line":42,"column":0},"end":{"line":42,"column":33}},"42":{"start":{"line":43,"column":0},"end":{"line":43,"column":81}},"43":{"start":{"line":44,"column":0},"end":{"line":44,"column":16}},"44":{"start":{"line":45,"column":0},"end":{"line":45,"column":32}},"45":{"start":{"line":46,"column":0},"end":{"line":46,"column":47}},"46":{"start":{"line":47,"column":0},"end":{"line":47,"column":109}},"47":{"start":{"line":48,"column":0},"end":{"line":48,"column":93}},"48":{"start":{"line":49,"column":0},"end":{"line":49,"column":24}},"49":{"start":{"line":50,"column":0},"end":{"line":50,"column":23}},"50":{"start":{"line":51,"column":0},"end":{"line":51,"column":89}},"51":{"start":{"line":52,"column":0},"end":{"line":52,"column":84}},"52":{"start":{"line":53,"column":0},"end":{"line":53,"column":24}},"53":{"start":{"line":54,"column":0},"end":{"line":54,"column":22}},"54":{"start":{"line":55,"column":0},"end":{"line":55,"column":20}},"55":{"start":{"line":56,"column":0},"end":{"line":56,"column":20}},"56":{"start":{"line":57,"column":0},"end":{"line":57,"column":16}},"57":{"start":{"line":58,"column":0},"end":{"line":58,"column":0}},"58":{"start":{"line":59,"column":0},"end":{"line":59,"column":58}},"59":{"start":{"line":60,"column":0},"end":{"line":60,"column":90}},"60":{"start":{"line":61,"column":0},"end":{"line":61,"column":56}},"61":{"start":{"line":62,"column":0},"end":{"line":62,"column":44}},"62":{"start":{"line":63,"column":0},"end":{"line":63,"column":97}},"63":{"start":{"line":64,"column":0},"end":{"line":64,"column":185}},"64":{"start":{"line":65,"column":0},"end":{"line":65,"column":22}},"65":{"start":{"line":66,"column":0},"end":{"line":66,"column":48}},"66":{"start":{"line":67,"column":0},"end":{"line":67,"column":19}},"67":{"start":{"line":68,"column":0},"end":{"line":68,"column":44}},"68":{"start":{"line":69,"column":0},"end":{"line":69,"column":97}},"69":{"start":{"line":70,"column":0},"end":{"line":70,"column":185}},"70":{"start":{"line":71,"column":0},"end":{"line":71,"column":22}},"71":{"start":{"line":72,"column":0},"end":{"line":72,"column":41}},"72":{"start":{"line":73,"column":0},"end":{"line":73,"column":19}},"73":{"start":{"line":74,"column":0},"end":{"line":74,"column":44}},"74":{"start":{"line":75,"column":0},"end":{"line":75,"column":97}},"75":{"start":{"line":76,"column":0},"end":{"line":76,"column":185}},"76":{"start":{"line":77,"column":0},"end":{"line":77,"column":22}},"77":{"start":{"line":78,"column":0},"end":{"line":78,"column":45}},"78":{"start":{"line":79,"column":0},"end":{"line":79,"column":19}},"79":{"start":{"line":80,"column":0},"end":{"line":80,"column":17}},"80":{"start":{"line":81,"column":0},"end":{"line":81,"column":16}},"81":{"start":{"line":82,"column":0},"end":{"line":82,"column":14}},"82":{"start":{"line":83,"column":0},"end":{"line":83,"column":0}},"83":{"start":{"line":84,"column":0},"end":{"line":84,"column":36}},"84":{"start":{"line":85,"column":0},"end":{"line":85,"column":26}},"85":{"start":{"line":86,"column":0},"end":{"line":86,"column":36}},"86":{"start":{"line":87,"column":0},"end":{"line":87,"column":55}},"87":{"start":{"line":88,"column":0},"end":{"line":88,"column":10}},"88":{"start":{"line":89,"column":0},"end":{"line":89,"column":12}},"89":{"start":{"line":90,"column":0},"end":{"line":90,"column":10}},"90":{"start":{"line":91,"column":0},"end":{"line":91,"column":0}},"91":{"start":{"line":92,"column":0},"end":{"line":92,"column":25}},"92":{"start":{"line":93,"column":0},"end":{"line":93,"column":89}},"93":{"start":{"line":94,"column":0},"end":{"line":94,"column":41}},"94":{"start":{"line":95,"column":0},"end":{"line":95,"column":50}},"95":{"start":{"line":96,"column":0},"end":{"line":96,"column":71}},"96":{"start":{"line":97,"column":0},"end":{"line":97,"column":12}},"97":{"start":{"line":98,"column":0},"end":{"line":98,"column":34}},"98":{"start":{"line":99,"column":0},"end":{"line":99,"column":15}},"99":{"start":{"line":100,"column":0},"end":{"line":100,"column":23}},"100":{"start":{"line":101,"column":0},"end":{"line":101,"column":28}},"101":{"start":{"line":102,"column":0},"end":{"line":102,"column":193}},"102":{"start":{"line":103,"column":0},"end":{"line":103,"column":9}},"103":{"start":{"line":104,"column":0},"end":{"line":104,"column":18}},"104":{"start":{"line":105,"column":0},"end":{"line":105,"column":17}},"105":{"start":{"line":106,"column":0},"end":{"line":106,"column":15}},"106":{"start":{"line":107,"column":0},"end":{"line":107,"column":23}},"107":{"start":{"line":108,"column":0},"end":{"line":108,"column":33}},"108":{"start":{"line":109,"column":0},"end":{"line":109,"column":34}},"109":{"start":{"line":110,"column":0},"end":{"line":110,"column":263}},"110":{"start":{"line":111,"column":0},"end":{"line":111,"column":9}},"111":{"start":{"line":112,"column":0},"end":{"line":112,"column":32}},"112":{"start":{"line":113,"column":0},"end":{"line":113,"column":17}},"113":{"start":{"line":114,"column":0},"end":{"line":114,"column":12}},"114":{"start":{"line":115,"column":0},"end":{"line":115,"column":10}},"115":{"start":{"line":116,"column":0},"end":{"line":116,"column":8}},"116":{"start":{"line":117,"column":0},"end":{"line":117,"column":11}},"117":{"start":{"line":118,"column":0},"end":{"line":118,"column":0}},"118":{"start":{"line":119,"column":0},"end":{"line":119,"column":24}},"119":{"start":{"line":120,"column":0},"end":{"line":120,"column":45}},"120":{"start":{"line":121,"column":0},"end":{"line":121,"column":73}},"121":{"start":{"line":122,"column":0},"end":{"line":122,"column":73}},"122":{"start":{"line":123,"column":0},"end":{"line":123,"column":61}},"123":{"start":{"line":124,"column":0},"end":{"line":124,"column":72}},"124":{"start":{"line":125,"column":0},"end":{"line":125,"column":0}},"125":{"start":{"line":126,"column":0},"end":{"line":126,"column":9}},"126":{"start":{"line":127,"column":0},"end":{"line":127,"column":16}},"127":{"start":{"line":128,"column":0},"end":{"line":128,"column":3}},"128":{"start":{"line":129,"column":0},"end":{"line":129,"column":16}},"129":{"start":{"line":130,"column":0},"end":{"line":130,"column":18}},"130":{"start":{"line":131,"column":0},"end":{"line":131,"column":15}},"131":{"start":{"line":132,"column":0},"end":{"line":132,"column":45}},"132":{"start":{"line":133,"column":0},"end":{"line":133,"column":26}},"133":{"start":{"line":134,"column":0},"end":{"line":134,"column":31}},"134":{"start":{"line":135,"column":0},"end":{"line":135,"column":4}},"135":{"start":{"line":136,"column":0},"end":{"line":136,"column":3}},"136":{"start":{"line":137,"column":0},"end":{"line":137,"column":15}},"137":{"start":{"line":138,"column":0},"end":{"line":138,"column":17}},"138":{"start":{"line":139,"column":0},"end":{"line":139,"column":15}},"139":{"start":{"line":140,"column":0},"end":{"line":140,"column":39}},"140":{"start":{"line":141,"column":0},"end":{"line":141,"column":25}},"141":{"start":{"line":142,"column":0},"end":{"line":142,"column":30}},"142":{"start":{"line":143,"column":0},"end":{"line":143,"column":4}},"143":{"start":{"line":144,"column":0},"end":{"line":144,"column":3}},"144":{"start":{"line":145,"column":0},"end":{"line":145,"column":15}},"145":{"start":{"line":146,"column":0},"end":{"line":146,"column":18}},"146":{"start":{"line":147,"column":0},"end":{"line":147,"column":15}},"147":{"start":{"line":148,"column":0},"end":{"line":148,"column":42}},"148":{"start":{"line":149,"column":0},"end":{"line":149,"column":27}},"149":{"start":{"line":150,"column":0},"end":{"line":150,"column":32}},"150":{"start":{"line":151,"column":0},"end":{"line":151,"column":3}},"151":{"start":{"line":152,"column":0},"end":{"line":152,"column":1}},"152":{"start":{"line":153,"column":0},"end":{"line":153,"column":0}},"153":{"start":{"line":154,"column":0},"end":{"line":154,"column":8}},"154":{"start":{"line":155,"column":0},"end":{"line":155,"column":34}},"155":{"start":{"line":156,"column":0},"end":{"line":156,"column":38}},"156":{"start":{"line":157,"column":0},"end":{"line":157,"column":21}},"157":{"start":{"line":158,"column":0},"end":{"line":158,"column":19}},"158":{"start":{"line":159,"column":0},"end":{"line":159,"column":21}},"159":{"start":{"line":160,"column":0},"end":{"line":160,"column":18}},"160":{"start":{"line":161,"column":0},"end":{"line":161,"column":2}},"161":{"start":{"line":162,"column":0},"end":{"line":162,"column":30}},"162":{"start":{"line":163,"column":0},"end":{"line":163,"column":39}},"163":{"start":{"line":164,"column":0},"end":{"line":164,"column":0}},"164":{"start":{"line":165,"column":0},"end":{"line":165,"column":11}},"165":{"start":{"line":166,"column":0},"end":{"line":166,"column":42}},"166":{"start":{"line":167,"column":0},"end":{"line":167,"column":74}},"167":{"start":{"line":168,"column":0},"end":{"line":168,"column":2}},"168":{"start":{"line":169,"column":0},"end":{"line":169,"column":0}},"169":{"start":{"line":170,"column":0},"end":{"line":170,"column":10}},"170":{"start":{"line":171,"column":0},"end":{"line":171,"column":41}},"171":{"start":{"line":172,"column":0},"end":{"line":172,"column":34}},"172":{"start":{"line":173,"column":0},"end":{"line":173,"column":16}},"173":{"start":{"line":174,"column":0},"end":{"line":174,"column":31}},"174":{"start":{"line":175,"column":0},"end":{"line":175,"column":39}},"175":{"start":{"line":176,"column":0},"end":{"line":176,"column":34}},"176":{"start":{"line":177,"column":0},"end":{"line":177,"column":4}},"177":{"start":{"line":178,"column":0},"end":{"line":178,"column":1}},"178":{"start":{"line":179,"column":0},"end":{"line":179,"column":0}},"179":{"start":{"line":180,"column":0},"end":{"line":180,"column":48}},"180":{"start":{"line":181,"column":0},"end":{"line":181,"column":29}},"181":{"start":{"line":182,"column":0},"end":{"line":182,"column":1}},"182":{"start":{"line":183,"column":0},"end":{"line":183,"column":0}},"183":{"start":{"line":184,"column":0},"end":{"line":184,"column":70}},"184":{"start":{"line":185,"column":0},"end":{"line":185,"column":40}},"185":{"start":{"line":186,"column":0},"end":{"line":186,"column":56}},"186":{"start":{"line":187,"column":0},"end":{"line":187,"column":1}},"187":{"start":{"line":188,"column":0},"end":{"line":188,"column":0}},"188":{"start":{"line":189,"column":0},"end":{"line":189,"column":69}},"189":{"start":{"line":190,"column":0},"end":{"line":190,"column":55}},"190":{"start":{"line":191,"column":0},"end":{"line":191,"column":42}},"191":{"start":{"line":192,"column":0},"end":{"line":192,"column":46}},"192":{"start":{"line":193,"column":0},"end":{"line":193,"column":4}},"193":{"start":{"line":194,"column":0},"end":{"line":194,"column":26}},"194":{"start":{"line":195,"column":0},"end":{"line":195,"column":20}},"195":{"start":{"line":196,"column":0},"end":{"line":196,"column":4}},"196":{"start":{"line":197,"column":0},"end":{"line":197,"column":53}},"197":{"start":{"line":198,"column":0},"end":{"line":198,"column":35}},"198":{"start":{"line":199,"column":0},"end":{"line":199,"column":60}},"199":{"start":{"line":200,"column":0},"end":{"line":200,"column":6}},"200":{"start":{"line":201,"column":0},"end":{"line":201,"column":4}},"201":{"start":{"line":202,"column":0},"end":{"line":202,"column":90}},"202":{"start":{"line":203,"column":0},"end":{"line":203,"column":4}},"203":{"start":{"line":204,"column":0},"end":{"line":204,"column":27}},"204":{"start":{"line":205,"column":0},"end":{"line":205,"column":69}},"205":{"start":{"line":206,"column":0},"end":{"line":206,"column":3}},"206":{"start":{"line":207,"column":0},"end":{"line":207,"column":1}},"207":{"start":{"line":208,"column":0},"end":{"line":208,"column":0}},"208":{"start":{"line":209,"column":0},"end":{"line":209,"column":30}},"209":{"start":{"line":210,"column":0},"end":{"line":210,"column":27}},"210":{"start":{"line":211,"column":0},"end":{"line":211,"column":62}},"211":{"start":{"line":212,"column":0},"end":{"line":212,"column":10}},"212":{"start":{"line":213,"column":0},"end":{"line":213,"column":3}},"213":{"start":{"line":214,"column":0},"end":{"line":214,"column":0}},"214":{"start":{"line":215,"column":0},"end":{"line":215,"column":32}},"215":{"start":{"line":216,"column":0},"end":{"line":216,"column":25}},"216":{"start":{"line":217,"column":0},"end":{"line":217,"column":10}},"217":{"start":{"line":218,"column":0},"end":{"line":218,"column":3}},"218":{"start":{"line":219,"column":0},"end":{"line":219,"column":0}},"219":{"start":{"line":220,"column":0},"end":{"line":220,"column":55}},"220":{"start":{"line":221,"column":0},"end":{"line":221,"column":2}},"221":{"start":{"line":222,"column":0},"end":{"line":222,"column":31}},"222":{"start":{"line":223,"column":0},"end":{"line":223,"column":34}},"223":{"start":{"line":224,"column":0},"end":{"line":224,"column":34}},"224":{"start":{"line":225,"column":0},"end":{"line":225,"column":31}},"225":{"start":{"line":226,"column":0},"end":{"line":226,"column":35}},"226":{"start":{"line":227,"column":0},"end":{"line":227,"column":39}},"227":{"start":{"line":228,"column":0},"end":{"line":228,"column":3}},"228":{"start":{"line":229,"column":0},"end":{"line":229,"column":0}},"229":{"start":{"line":230,"column":0},"end":{"line":230,"column":60}},"230":{"start":{"line":231,"column":0},"end":{"line":231,"column":105}},"231":{"start":{"line":232,"column":0},"end":{"line":232,"column":1}},"232":{"start":{"line":233,"column":0},"end":{"line":233,"column":0}},"233":{"start":{"line":234,"column":0},"end":{"line":234,"column":25}},"234":{"start":{"line":235,"column":0},"end":{"line":235,"column":31}},"235":{"start":{"line":236,"column":0},"end":{"line":236,"column":38}},"236":{"start":{"line":237,"column":0},"end":{"line":237,"column":3}},"237":{"start":{"line":238,"column":0},"end":{"line":238,"column":31}},"238":{"start":{"line":239,"column":0},"end":{"line":239,"column":23}},"239":{"start":{"line":240,"column":0},"end":{"line":240,"column":23}},"240":{"start":{"line":241,"column":0},"end":{"line":241,"column":21}},"241":{"start":{"line":242,"column":0},"end":{"line":242,"column":23}},"242":{"start":{"line":243,"column":0},"end":{"line":243,"column":20}},"243":{"start":{"line":244,"column":0},"end":{"line":244,"column":3}},"244":{"start":{"line":245,"column":0},"end":{"line":245,"column":27}},"245":{"start":{"line":246,"column":0},"end":{"line":246,"column":1}},"246":{"start":{"line":247,"column":0},"end":{"line":247,"column":9}}},"s":{"0":1,"1":1,"2":1,"3":1,"4":1,"5":1,"6":1,"7":1,"8":1,"9":1,"10":1,"11":1,"12":1,"13":1,"14":1,"15":1,"16":1,"17":1,"18":1,"19":1,"20":1,"21":1,"22":1,"23":1,"24":1,"25":1,"26":1,"27":1,"28":1,"29":1,"30":1,"31":1,"32":1,"33":1,"34":1,"35":1,"36":1,"37":1,"38":1,"39":1,"40":1,"41":1,"42":1,"43":1,"44":1,"45":1,"46":1,"47":1,"48":1,"49":1,"50":1,"51":1,"52":1,"53":1,"54":1,"55":1,"56":1,"57":1,"58":1,"59":1,"60":1,"61":1,"62":1,"63":1,"64":1,"65":1,"66":1,"67":1,"68":1,"69":1,"70":1,"71":1,"72":1,"73":1,"74":1,"75":1,"76":1,"77":1,"78":1,"79":1,"80":1,"81":1,"82":1,"83":1,"84":1,"85":1,"86":1,"87":1,"88":1,"89":1,"90":1,"91":1,"92":1,"93":1,"94":1,"95":1,"96":1,"97":1,"98":1,"99":1,"100":1,"101":1,"102":1,"103":1,"104":1,"105":1,"106":1,"107":1,"108":1,"109":1,"110":1,"111":1,"112":1,"113":1,"114":1,"115":1,"116":1,"117":1,"118":1,"119":1,"120":1,"121":1,"122":1,"123":1,"124":1,"125":1,"126":1,"127":1,"128":1,"129":1,"130":1,"131":1,"132":1,"133":1,"134":1,"135":1,"136":1,"137":1,"138":1,"139":1,"140":1,"141":1,"142":1,"143":1,"144":1,"145":1,"146":1,"147":1,"148":1,"149":1,"150":1,"151":1,"152":1,"153":1,"154":1,"155":1,"156":1,"157":1,"158":1,"159":1,"160":1,"161":1,"162":1,"163":1,"164":1,"165":1,"166":0,"167":1,"168":1,"169":1,"170":1,"171":0,"172":0,"173":0,"174":0,"175":0,"176":0,"177":0,"178":1,"179":1,"180":0,"181":0,"182":1,"183":1,"184":0,"185":0,"186":0,"187":1,"188":1,"189":0,"190":0,"191":0,"192":0,"193":0,"194":0,"195":0,"196":0,"197":0,"198":0,"199":0,"200":0,"201":0,"202":0,"203":0,"204":0,"205":0,"206":0,"207":1,"208":1,"209":1,"210":1,"211":1,"212":1,"213":0,"214":0,"215":0,"216":0,"217":0,"218":0,"219":0,"220":0,"221":0,"222":0,"223":0,"224":0,"225":0,"226":0,"227":0,"228":0,"229":0,"230":0,"231":1,"232":1,"233":1,"234":1,"235":1,"236":1,"237":1,"238":1,"239":1,"240":1,"241":1,"242":1,"243":1,"244":1,"245":1,"246":1},"branchMap":{"0":{"type":"branch","line":209,"loc":{"start":{"line":209,"column":23},"end":{"line":232,"column":1}},"locations":[{"start":{"line":209,"column":23},"end":{"line":232,"column":1}}]},"1":{"type":"branch","line":213,"loc":{"start":{"line":213,"column":2},"end":{"line":231,"column":105}},"locations":[{"start":{"line":213,"column":2},"end":{"line":231,"column":105}}]},"2":{"type":"branch","line":234,"loc":{"start":{"line":234,"column":18},"end":{"line":246,"column":1}},"locations":[{"start":{"line":234,"column":18},"end":{"line":246,"column":1}}]},"3":{"type":"branch","line":37,"loc":{"start":{"line":37,"column":46},"end":{"line":37,"column":100}},"locations":[{"start":{"line":37,"column":46},"end":{"line":37,"column":100}}]},"4":{"type":"branch","line":37,"loc":{"start":{"line":37,"column":48},"end":{"line":37,"column":100}},"locations":[{"start":{"line":37,"column":48},"end":{"line":37,"column":100}}]},"5":{"type":"branch","line":40,"loc":{"start":{"line":40,"column":21},"end":{"line":41,"column":39}},"locations":[{"start":{"line":40,"column":21},"end":{"line":41,"column":39}}]},"6":{"type":"branch","line":40,"loc":{"start":{"line":40,"column":21},"end":{"line":41,"column":39}},"locations":[{"start":{"line":40,"column":21},"end":{"line":41,"column":39}}]}},"b":{"0":[1],"1":[0],"2":[1],"3":[13],"4":[26],"5":[10],"6":[1]},"fnMap":{"0":{"name":"handleSubmit","decl":{"start":{"line":171,"column":21},"end":{"line":178,"column":1}},"loc":{"start":{"line":171,"column":21},"end":{"line":178,"column":1}},"line":171},"1":{"name":"handleValidation","decl":{"start":{"line":180,"column":25},"end":{"line":182,"column":1}},"loc":{"start":{"line":180,"column":25},"end":{"line":182,"column":1}},"line":180},"2":{"name":"handleConstraintsUpdate","decl":{"start":{"line":184,"column":32},"end":{"line":187,"column":1}},"loc":{"start":{"line":184,"column":32},"end":{"line":187,"column":1}},"line":184},"3":{"name":"handleAddLocationsFromFile","decl":{"start":{"line":189,"column":35},"end":{"line":207,"column":1}},"loc":{"start":{"line":189,"column":35},"end":{"line":207,"column":1}},"line":189},"4":{"name":"handleOptimize","decl":{"start":{"line":209,"column":23},"end":{"line":232,"column":1}},"loc":{"start":{"line":209,"column":23},"end":{"line":232,"column":1}},"line":209},"5":{"name":"resetForm","decl":{"start":{"line":234,"column":18},"end":{"line":246,"column":1}},"loc":{"start":{"line":234,"column":18},"end":{"line":246,"column":1}},"line":234},"6":{"name":"__vite_ssr_import_5__.createElementVNode.__vite_ssr_import_5__.withDirectives.__vite_ssr_import_5__.createElementVNode.onUpdate:modelValue._cache.<computed>._cache.<computed>","decl":{"start":{"line":40,"column":21},"end":{"line":41,"column":39}},"loc":{"start":{"line":40,"column":21},"end":{"line":41,"column":39}},"line":40}},"f":{"0":0,"1":0,"2":0,"3":0,"4":1,"5":1,"6":1}}
}
